2020-10-26 16:47:13,611 ERROR 43739 nodejs.ENOENTError: ENOENT: no such file or directory, open '../public/db.json' (uncaughtException throw 1 times on pid:43739)
ENOENTError: ENOENT: no such file or directory, open '../public/db.json' (uncaughtException throw 1 times on pid:43739)
errno: -2
code: "ENOENT"
syscall: "open"
path: "../public/db.json"
name: "ENOENTError"
pid: 43739
hostname: bogon

2020-10-26 16:48:20,169 ERROR 43770 nodejs.ENOENTError: ENOENT: no such file or directory, open '../public/db' (uncaughtException throw 1 times on pid:43770)
ENOENTError: ENOENT: no such file or directory, open '../public/db' (uncaughtException throw 1 times on pid:43770)
errno: -2
code: "ENOENT"
syscall: "open"
path: "../public/db"
name: "ENOENTError"
pid: 43770
hostname: bogon

2020-10-26 16:48:23,127 ERROR 43770 nodejs.ENOENTError: ENOENT: no such file or directory, open '../public/db' (uncaughtException throw 2 times on pid:43770)
ENOENTError: ENOENT: no such file or directory, open '../public/db' (uncaughtException throw 2 times on pid:43770)
errno: -2
code: "ENOENT"
syscall: "open"
path: "../public/db"
name: "ENOENTError"
pid: 43770
hostname: bogon

2020-10-26 16:48:46,438 ERROR 43770 nodejs.ENOENTError: ENOENT: no such file or directory, open '../public/db' (uncaughtException throw 3 times on pid:43770)
ENOENTError: ENOENT: no such file or directory, open '../public/db' (uncaughtException throw 3 times on pid:43770)
errno: -2
code: "ENOENT"
syscall: "open"
path: "../public/db"
name: "ENOENTError"
pid: 43770
hostname: bogon

2020-10-26 16:48:54,895 ERROR 43786 nodejs.ENOENTError: ENOENT: no such file or directory, open '../mock' (uncaughtException throw 1 times on pid:43786)
ENOENTError: ENOENT: no such file or directory, open '../mock' (uncaughtException throw 1 times on pid:43786)
errno: -2
code: "ENOENT"
syscall: "open"
path: "../mock"
name: "ENOENTError"
pid: 43786
hostname: bogon

2020-10-26 16:49:16,612 ERROR 43786 nodejs.ENOENTError: ENOENT: no such file or directory, open '../mock' (uncaughtException throw 2 times on pid:43786)
ENOENTError: ENOENT: no such file or directory, open '../mock' (uncaughtException throw 2 times on pid:43786)
errno: -2
code: "ENOENT"
syscall: "open"
path: "../mock"
name: "ENOENTError"
pid: 43786
hostname: bogon

2020-10-26 16:49:39,863 ERROR 43811 nodejs.ENOENTError: ENOENT: no such file or directory, open './mock.index.js' (uncaughtException throw 1 times on pid:43811)
ENOENTError: ENOENT: no such file or directory, open './mock.index.js' (uncaughtException throw 1 times on pid:43811)
errno: -2
code: "ENOENT"
syscall: "open"
path: "./mock.index.js"
name: "ENOENTError"
pid: 43811
hostname: bogon

2020-10-26 16:53:37,829 ERROR 43917 nodejs.ENOENTError: ENOENT: no such file or directory, open '/Users/lxd/Desktop/mine/egg-mock/app/mock.index.js' (uncaughtException throw 1 times on pid:43917)
ENOENTError: ENOENT: no such file or directory, open '/Users/lxd/Desktop/mine/egg-mock/app/mock.index.js' (uncaughtException throw 1 times on pid:43917)
errno: -2
code: "ENOENT"
syscall: "open"
path: "/Users/lxd/Desktop/mine/egg-mock/app/mock.index.js"
name: "ENOENTError"
pid: 43917
hostname: bogon

2020-10-26 16:55:37,099 ERROR 43968 nodejs.ENOTDIRError: ENOTDIR: not a directory, open '/Users/lxd/Desktop/mine/egg-mock/app/mock/index.js/utf8' (uncaughtException throw 1 times on pid:43968)
ENOTDIRError: ENOTDIR: not a directory, open '/Users/lxd/Desktop/mine/egg-mock/app/mock/index.js/utf8' (uncaughtException throw 1 times on pid:43968)
errno: -20
code: "ENOTDIR"
syscall: "open"
path: "/Users/lxd/Desktop/mine/egg-mock/app/mock/index.js/utf8"
name: "ENOTDIRError"
pid: 43968
hostname: bogon

2020-10-26 16:56:01,107 ERROR 43968 nodejs.ENOTDIRError: ENOTDIR: not a directory, open '/Users/lxd/Desktop/mine/egg-mock/app/mock/index.js/utf8' (uncaughtException throw 2 times on pid:43968)
ENOTDIRError: ENOTDIR: not a directory, open '/Users/lxd/Desktop/mine/egg-mock/app/mock/index.js/utf8' (uncaughtException throw 2 times on pid:43968)
errno: -20
code: "ENOTDIR"
syscall: "open"
path: "/Users/lxd/Desktop/mine/egg-mock/app/mock/index.js/utf8"
name: "ENOTDIRError"
pid: 43968
hostname: bogon

2020-10-26 17:00:45,447 ERROR 44129 [-/127.0.0.1/-/6ms GET /] nodejs.TypeError: Callback must be a function. Received 'utf8'
    at maybeCallback (fs.js:158:9)
    at Object.readFile (fs.js:309:14)
    at HomeController.index (/Users/lxd/Desktop/mine/egg-mock/app/controller/home.js:16:27)
    at Object.callFn (/Users/lxd/Desktop/mine/egg-mock/node_modules/egg-core/lib/utils/index.js:44:21)
    at Object.classControllerMiddleware (/Users/lxd/Desktop/mine/egg-mock/node_modules/egg-core/lib/loader/mixin/controller.js:87:20)
    at Object.callFn (/Users/lxd/Desktop/mine/egg-mock/node_modules/@eggjs/router/lib/utils.js:12:21)
    at wrappedController (/Users/lxd/Desktop/mine/egg-mock/node_modules/@eggjs/router/lib/egg_router.js:322:18)
    at dispatch (/Users/lxd/Desktop/mine/egg-mock/node_modules/koa-compose/index.js:44:32)
    at next (/Users/lxd/Desktop/mine/egg-mock/node_modules/koa-compose/index.js:45:18)
    at /Users/lxd/Desktop/mine/egg-mock/node_modules/@eggjs/router/lib/router.js:190:18
code: "ERR_INVALID_CALLBACK"
pid: 44129
hostname: bogon

2020-10-26 17:11:58,150 ERROR 44455 [-/127.0.0.1/-/7ms GET /detail] nodejs.ENOENTError: ENOENT: no such file or directory, open '/Users/lxd/Desktop/mine/egg-mock/app/public/detail.json'
    at Object.openSync (fs.js:474:3)
    at Object.readFileSync (fs.js:375:35)
    at HomeController.detail (/Users/lxd/Desktop/mine/egg-mock/app/controller/home.js:22:19)
    at Object.callFn (/Users/lxd/Desktop/mine/egg-mock/node_modules/egg-core/lib/utils/index.js:44:21)
    at Object.classControllerMiddleware (/Users/lxd/Desktop/mine/egg-mock/node_modules/egg-core/lib/loader/mixin/controller.js:87:20)
    at Object.callFn (/Users/lxd/Desktop/mine/egg-mock/node_modules/@eggjs/router/lib/utils.js:12:21)
    at wrappedController (/Users/lxd/Desktop/mine/egg-mock/node_modules/@eggjs/router/lib/egg_router.js:322:18)
    at dispatch (/Users/lxd/Desktop/mine/egg-mock/node_modules/koa-compose/index.js:44:32)
    at next (/Users/lxd/Desktop/mine/egg-mock/node_modules/koa-compose/index.js:45:18)
    at /Users/lxd/Desktop/mine/egg-mock/node_modules/@eggjs/router/lib/router.js:190:18
errno: -2
syscall: "open"
code: "ENOENT"
path: "/Users/lxd/Desktop/mine/egg-mock/app/public/detail.json"
name: "ENOENTError"
pid: 44455
hostname: bogon

2020-10-26 17:15:36,086 ERROR 44550 [-/127.0.0.1/-/7ms GET /] nodejs.TypeError: The "path" argument must be of type string or an instance of Buffer or URL. Received an instance of Promise
    at Object.openSync (fs.js:466:10)
    at Object.readFileSync (fs.js:375:35)
    at HomeController.index (/Users/lxd/Desktop/mine/egg-mock/app/controller/home.js:19:19)
    at Object.callFn (/Users/lxd/Desktop/mine/egg-mock/node_modules/egg-core/lib/utils/index.js:44:21)
    at Object.classControllerMiddleware (/Users/lxd/Desktop/mine/egg-mock/node_modules/egg-core/lib/loader/mixin/controller.js:87:20)
    at Object.callFn (/Users/lxd/Desktop/mine/egg-mock/node_modules/@eggjs/router/lib/utils.js:12:21)
    at wrappedController (/Users/lxd/Desktop/mine/egg-mock/node_modules/@eggjs/router/lib/egg_router.js:322:18)
    at dispatch (/Users/lxd/Desktop/mine/egg-mock/node_modules/koa-compose/index.js:44:32)
    at next (/Users/lxd/Desktop/mine/egg-mock/node_modules/koa-compose/index.js:45:18)
    at /Users/lxd/Desktop/mine/egg-mock/node_modules/@eggjs/router/lib/router.js:190:18
code: "ERR_INVALID_ARG_TYPE"
pid: 44550
hostname: bogon

2020-10-26 17:15:45,939 ERROR 44550 [-/127.0.0.1/-/1ms GET /] nodejs.TypeError: The "path" argument must be of type string or an instance of Buffer or URL. Received an instance of Promise
    at Object.openSync (fs.js:466:10)
    at Object.readFileSync (fs.js:375:35)
    at HomeController.index (/Users/lxd/Desktop/mine/egg-mock/app/controller/home.js:19:19)
    at Object.callFn (/Users/lxd/Desktop/mine/egg-mock/node_modules/egg-core/lib/utils/index.js:44:21)
    at Object.classControllerMiddleware (/Users/lxd/Desktop/mine/egg-mock/node_modules/egg-core/lib/loader/mixin/controller.js:87:20)
    at Object.callFn (/Users/lxd/Desktop/mine/egg-mock/node_modules/@eggjs/router/lib/utils.js:12:21)
    at wrappedController (/Users/lxd/Desktop/mine/egg-mock/node_modules/@eggjs/router/lib/egg_router.js:322:18)
    at dispatch (/Users/lxd/Desktop/mine/egg-mock/node_modules/koa-compose/index.js:44:32)
    at next (/Users/lxd/Desktop/mine/egg-mock/node_modules/koa-compose/index.js:45:18)
    at /Users/lxd/Desktop/mine/egg-mock/node_modules/@eggjs/router/lib/router.js:190:18
code: "ERR_INVALID_ARG_TYPE"
pid: 44550
hostname: bogon

2020-10-26 17:16:41,692 ERROR 44576 [-/127.0.0.1/-/6ms GET /] nodejs.TypeError: The "path" argument must be of type string or an instance of Buffer or URL. Received an instance of Promise
    at Object.openSync (fs.js:466:10)
    at Object.readFileSync (fs.js:375:35)
    at HomeController.index (/Users/lxd/Desktop/mine/egg-mock/app/controller/home.js:19:19)
    at Object.callFn (/Users/lxd/Desktop/mine/egg-mock/node_modules/egg-core/lib/utils/index.js:44:21)
    at Object.classControllerMiddleware (/Users/lxd/Desktop/mine/egg-mock/node_modules/egg-core/lib/loader/mixin/controller.js:87:20)
    at Object.callFn (/Users/lxd/Desktop/mine/egg-mock/node_modules/@eggjs/router/lib/utils.js:12:21)
    at wrappedController (/Users/lxd/Desktop/mine/egg-mock/node_modules/@eggjs/router/lib/egg_router.js:322:18)
    at dispatch (/Users/lxd/Desktop/mine/egg-mock/node_modules/koa-compose/index.js:44:32)
    at next (/Users/lxd/Desktop/mine/egg-mock/node_modules/koa-compose/index.js:45:18)
    at /Users/lxd/Desktop/mine/egg-mock/node_modules/@eggjs/router/lib/router.js:190:18
code: "ERR_INVALID_ARG_TYPE"
pid: 44576
hostname: bogon

2020-10-26 17:17:09,583 ERROR 44589 [-/127.0.0.1/-/6ms GET /] nodejs.TypeError: The "path" argument must be of type string or an instance of Buffer or URL. Received an instance of Promise
    at Object.openSync (fs.js:466:10)
    at Object.readFileSync (fs.js:375:35)
    at HomeController.index (/Users/lxd/Desktop/mine/egg-mock/app/controller/home.js:19:19)
    at Object.callFn (/Users/lxd/Desktop/mine/egg-mock/node_modules/egg-core/lib/utils/index.js:44:21)
    at Object.classControllerMiddleware (/Users/lxd/Desktop/mine/egg-mock/node_modules/egg-core/lib/loader/mixin/controller.js:87:20)
    at Object.callFn (/Users/lxd/Desktop/mine/egg-mock/node_modules/@eggjs/router/lib/utils.js:12:21)
    at wrappedController (/Users/lxd/Desktop/mine/egg-mock/node_modules/@eggjs/router/lib/egg_router.js:322:18)
    at dispatch (/Users/lxd/Desktop/mine/egg-mock/node_modules/koa-compose/index.js:44:32)
    at next (/Users/lxd/Desktop/mine/egg-mock/node_modules/koa-compose/index.js:45:18)
    at /Users/lxd/Desktop/mine/egg-mock/node_modules/@eggjs/router/lib/router.js:190:18
code: "ERR_INVALID_ARG_TYPE"
pid: 44589
hostname: bogon

2020-10-26 17:18:15,970 ERROR 44616 [-/127.0.0.1/-/9ms GET /] nodejs.TypeError: The "path" argument must be of type string or an instance of Buffer or URL. Received an instance of Promise
    at Object.openSync (fs.js:466:10)
    at Object.readFileSync (fs.js:375:35)
    at HomeController.index (/Users/lxd/Desktop/mine/egg-mock/app/controller/home.js:20:19)
    at Object.callFn (/Users/lxd/Desktop/mine/egg-mock/node_modules/egg-core/lib/utils/index.js:44:21)
    at Object.classControllerMiddleware (/Users/lxd/Desktop/mine/egg-mock/node_modules/egg-core/lib/loader/mixin/controller.js:87:20)
    at Object.callFn (/Users/lxd/Desktop/mine/egg-mock/node_modules/@eggjs/router/lib/utils.js:12:21)
    at wrappedController (/Users/lxd/Desktop/mine/egg-mock/node_modules/@eggjs/router/lib/egg_router.js:322:18)
    at dispatch (/Users/lxd/Desktop/mine/egg-mock/node_modules/koa-compose/index.js:44:32)
    at next (/Users/lxd/Desktop/mine/egg-mock/node_modules/koa-compose/index.js:45:18)
    at /Users/lxd/Desktop/mine/egg-mock/node_modules/@eggjs/router/lib/router.js:190:18
code: "ERR_INVALID_ARG_TYPE"
pid: 44616
hostname: bogon

2020-10-26 17:18:31,567 ERROR 44625 [-/127.0.0.1/-/8ms GET /] nodejs.TypeError: The "path" argument must be of type string or an instance of Buffer or URL. Received an instance of Promise
    at Object.openSync (fs.js:466:10)
    at Object.readFileSync (fs.js:375:35)
    at HomeController.index (/Users/lxd/Desktop/mine/egg-mock/app/controller/home.js:20:19)
    at Object.callFn (/Users/lxd/Desktop/mine/egg-mock/node_modules/egg-core/lib/utils/index.js:44:21)
    at Object.classControllerMiddleware (/Users/lxd/Desktop/mine/egg-mock/node_modules/egg-core/lib/loader/mixin/controller.js:87:20)
    at Object.callFn (/Users/lxd/Desktop/mine/egg-mock/node_modules/@eggjs/router/lib/utils.js:12:21)
    at wrappedController (/Users/lxd/Desktop/mine/egg-mock/node_modules/@eggjs/router/lib/egg_router.js:322:18)
    at dispatch (/Users/lxd/Desktop/mine/egg-mock/node_modules/koa-compose/index.js:44:32)
    at next (/Users/lxd/Desktop/mine/egg-mock/node_modules/koa-compose/index.js:45:18)
    at /Users/lxd/Desktop/mine/egg-mock/node_modules/@eggjs/router/lib/router.js:190:18
code: "ERR_INVALID_ARG_TYPE"
pid: 44625
hostname: bogon

2020-10-26 17:19:28,398 ERROR 44650 [-/127.0.0.1/-/6ms GET /] nodejs.TypeError: The "path" argument must be of type string or an instance of Buffer or URL. Received an instance of Promise
    at Object.openSync (fs.js:466:10)
    at Object.readFileSync (fs.js:375:35)
    at HomeController.index (/Users/lxd/Desktop/mine/egg-mock/app/controller/home.js:20:19)
    at Object.callFn (/Users/lxd/Desktop/mine/egg-mock/node_modules/egg-core/lib/utils/index.js:44:21)
    at Object.classControllerMiddleware (/Users/lxd/Desktop/mine/egg-mock/node_modules/egg-core/lib/loader/mixin/controller.js:87:20)
    at Object.callFn (/Users/lxd/Desktop/mine/egg-mock/node_modules/@eggjs/router/lib/utils.js:12:21)
    at wrappedController (/Users/lxd/Desktop/mine/egg-mock/node_modules/@eggjs/router/lib/egg_router.js:322:18)
    at dispatch (/Users/lxd/Desktop/mine/egg-mock/node_modules/koa-compose/index.js:44:32)
    at next (/Users/lxd/Desktop/mine/egg-mock/node_modules/koa-compose/index.js:45:18)
    at /Users/lxd/Desktop/mine/egg-mock/node_modules/@eggjs/router/lib/router.js:190:18
code: "ERR_INVALID_ARG_TYPE"
pid: 44650
hostname: bogon

2020-10-26 17:20:58,434 ERROR 44685 [-/127.0.0.1/-/9ms GET /] nodejs.TypeError: The "path" argument must be of type string or an instance of Buffer or URL. Received an instance of Promise
    at Object.openSync (fs.js:466:10)
    at Object.readFileSync (fs.js:375:35)
    at HomeController.index (/Users/lxd/Desktop/mine/egg-mock/app/controller/home.js:22:19)
    at Object.callFn (/Users/lxd/Desktop/mine/egg-mock/node_modules/egg-core/lib/utils/index.js:44:21)
    at Object.classControllerMiddleware (/Users/lxd/Desktop/mine/egg-mock/node_modules/egg-core/lib/loader/mixin/controller.js:87:20)
    at Object.callFn (/Users/lxd/Desktop/mine/egg-mock/node_modules/@eggjs/router/lib/utils.js:12:21)
    at wrappedController (/Users/lxd/Desktop/mine/egg-mock/node_modules/@eggjs/router/lib/egg_router.js:322:18)
    at dispatch (/Users/lxd/Desktop/mine/egg-mock/node_modules/koa-compose/index.js:44:32)
    at next (/Users/lxd/Desktop/mine/egg-mock/node_modules/koa-compose/index.js:45:18)
    at /Users/lxd/Desktop/mine/egg-mock/node_modules/@eggjs/router/lib/router.js:190:18
code: "ERR_INVALID_ARG_TYPE"
pid: 44685
hostname: bogon

2020-10-26 17:21:29,889 ERROR 44698 [-/127.0.0.1/-/8ms GET /] nodejs.TypeError: The "path" argument must be of type string or an instance of Buffer or URL. Received an instance of Promise
    at Object.openSync (fs.js:466:10)
    at Object.readFileSync (fs.js:375:35)
    at HomeController.index (/Users/lxd/Desktop/mine/egg-mock/app/controller/home.js:23:19)
    at Object.callFn (/Users/lxd/Desktop/mine/egg-mock/node_modules/egg-core/lib/utils/index.js:44:21)
    at Object.classControllerMiddleware (/Users/lxd/Desktop/mine/egg-mock/node_modules/egg-core/lib/loader/mixin/controller.js:87:20)
    at Object.callFn (/Users/lxd/Desktop/mine/egg-mock/node_modules/@eggjs/router/lib/utils.js:12:21)
    at wrappedController (/Users/lxd/Desktop/mine/egg-mock/node_modules/@eggjs/router/lib/egg_router.js:322:18)
    at dispatch (/Users/lxd/Desktop/mine/egg-mock/node_modules/koa-compose/index.js:44:32)
    at next (/Users/lxd/Desktop/mine/egg-mock/node_modules/koa-compose/index.js:45:18)
    at /Users/lxd/Desktop/mine/egg-mock/node_modules/@eggjs/router/lib/router.js:190:18
code: "ERR_INVALID_ARG_TYPE"
pid: 44698
hostname: bogon

2020-10-26 17:22:21,033 ERROR 44719 [-/127.0.0.1/-/7ms GET /] nodejs.ENOENTError: ENOENT: no such file or directory, open '../public/mock/db.json'
    at Object.openSync (fs.js:474:3)
    at Object.readFileSync (fs.js:375:35)
    at HomeController.index (/Users/lxd/Desktop/mine/egg-mock/app/controller/home.js:23:19)
    at Object.callFn (/Users/lxd/Desktop/mine/egg-mock/node_modules/egg-core/lib/utils/index.js:44:21)
    at Object.classControllerMiddleware (/Users/lxd/Desktop/mine/egg-mock/node_modules/egg-core/lib/loader/mixin/controller.js:87:20)
    at Object.callFn (/Users/lxd/Desktop/mine/egg-mock/node_modules/@eggjs/router/lib/utils.js:12:21)
    at wrappedController (/Users/lxd/Desktop/mine/egg-mock/node_modules/@eggjs/router/lib/egg_router.js:322:18)
    at dispatch (/Users/lxd/Desktop/mine/egg-mock/node_modules/koa-compose/index.js:44:32)
    at next (/Users/lxd/Desktop/mine/egg-mock/node_modules/koa-compose/index.js:45:18)
    at /Users/lxd/Desktop/mine/egg-mock/node_modules/@eggjs/router/lib/router.js:190:18
errno: -2
syscall: "open"
code: "ENOENT"
path: "../public/mock/db.json"
name: "ENOENTError"
pid: 44719
hostname: bogon

2020-10-26 17:29:46,558 ERROR 44913 [-/127.0.0.1/-/6ms GET /detail] nodejs.ENOENTError: ENOENT: no such file or directory, open '/Users/lxd/Desktop/mine/egg-mock/app/public/mock/detaildetail.json'
    at Object.openSync (fs.js:474:3)
    at Object.readFileSync (fs.js:375:35)
    at HomeController.detail (/Users/lxd/Desktop/mine/egg-mock/app/controller/home.js:26:19)
    at Object.callFn (/Users/lxd/Desktop/mine/egg-mock/node_modules/egg-core/lib/utils/index.js:44:21)
    at Object.classControllerMiddleware (/Users/lxd/Desktop/mine/egg-mock/node_modules/egg-core/lib/loader/mixin/controller.js:87:20)
    at Object.callFn (/Users/lxd/Desktop/mine/egg-mock/node_modules/@eggjs/router/lib/utils.js:12:21)
    at wrappedController (/Users/lxd/Desktop/mine/egg-mock/node_modules/@eggjs/router/lib/egg_router.js:322:18)
    at dispatch (/Users/lxd/Desktop/mine/egg-mock/node_modules/koa-compose/index.js:44:32)
    at next (/Users/lxd/Desktop/mine/egg-mock/node_modules/koa-compose/index.js:45:18)
    at /Users/lxd/Desktop/mine/egg-mock/node_modules/@eggjs/router/lib/router.js:190:18
errno: -2
syscall: "open"
code: "ENOENT"
path: "/Users/lxd/Desktop/mine/egg-mock/app/public/mock/detaildetail.json"
name: "ENOENTError"
pid: 44913
hostname: bogon

2020-10-26 17:40:21,024 ERROR 43104 nodejs.ClusterClientNoResponseError: client no response in 78056ms exceeding maxIdleTime 60000ms, maybe the connection is close on other side.
    at Timeout._onTimeout (/Users/lxd/Desktop/mine/egg-mock/node_modules/cluster-client/lib/leader.js:77:23)
    at listOnTimeout (internal/timers.js:554:17)
    at processTimers (internal/timers.js:497:7)
name: "ClusterClientNoResponseError"
pid: 43104
hostname: bogon

2020-10-26 18:35:03,006 ERROR 46072 nodejs.ClusterClientNoResponseError: client no response in 1871964ms exceeding maxIdleTime 60000ms, maybe the connection is close on other side.
    at Timeout._onTimeout (/Users/lxd/Desktop/mine/egg-mock/node_modules/cluster-client/lib/leader.js:77:23)
    at listOnTimeout (internal/timers.js:554:17)
    at processTimers (internal/timers.js:497:7)
name: "ClusterClientNoResponseError"
pid: 46072
hostname: lxddeMacBook-Pro.local

