2020-10-26 14:52:13,375 INFO 38637 [Timer] /Users/lxd/Desktop/mine/egg-mock/node_modules/egg-multipart/app/schedule/clean_tmpdir.js next time will execute after 49066627ms at 2020-10-27 04:30:00.002
2020-10-26 14:52:13,375 INFO 38637 [Timer] /Users/lxd/Desktop/mine/egg-mock/node_modules/egg-logrotator/app/schedule/clean_log.js next time will execute after 32866625ms at 2020-10-27 00:00:00.000
2020-10-26 14:52:13,376 INFO 38637 [Timer] /Users/lxd/Desktop/mine/egg-mock/node_modules/egg-logrotator/app/schedule/rotate_by_file.js next time will execute after 32867625ms at 2020-10-27 00:00:01.001
2020-10-26 14:52:13,282 INFO 38641 [egg-schedule]: register schedule /Users/lxd/Desktop/mine/egg-mock/node_modules/egg-multipart/app/schedule/clean_tmpdir.js
2020-10-26 14:52:13,282 INFO 38641 [egg-schedule]: register schedule /Users/lxd/Desktop/mine/egg-mock/node_modules/egg-logrotator/app/schedule/clean_log.js
2020-10-26 14:52:13,282 INFO 38641 [egg-schedule]: register schedule /Users/lxd/Desktop/mine/egg-mock/node_modules/egg-logrotator/app/schedule/rotate_by_file.js
2020-10-26 14:54:36,251 INFO 38730 [egg-schedule]: register schedule /Users/lxd/Desktop/mine/egg-mock/node_modules/egg-multipart/app/schedule/clean_tmpdir.js
2020-10-26 14:54:36,251 INFO 38730 [egg-schedule]: register schedule /Users/lxd/Desktop/mine/egg-mock/node_modules/egg-logrotator/app/schedule/clean_log.js
2020-10-26 14:54:36,251 INFO 38730 [egg-schedule]: register schedule /Users/lxd/Desktop/mine/egg-mock/node_modules/egg-logrotator/app/schedule/rotate_by_file.js
2020-10-26 14:57:02,762 INFO 38803 [egg-schedule]: register schedule /Users/lxd/Desktop/mine/egg-mock/node_modules/egg-multipart/app/schedule/clean_tmpdir.js
2020-10-26 14:57:02,762 INFO 38803 [egg-schedule]: register schedule /Users/lxd/Desktop/mine/egg-mock/node_modules/egg-logrotator/app/schedule/clean_log.js
2020-10-26 14:57:02,762 INFO 38803 [egg-schedule]: register schedule /Users/lxd/Desktop/mine/egg-mock/node_modules/egg-logrotator/app/schedule/rotate_by_file.js
2020-10-26 14:57:04,636 INFO 38808 [egg-schedule]: register schedule /Users/lxd/Desktop/mine/egg-mock/node_modules/egg-multipart/app/schedule/clean_tmpdir.js
2020-10-26 14:57:04,636 INFO 38808 [egg-schedule]: register schedule /Users/lxd/Desktop/mine/egg-mock/node_modules/egg-logrotator/app/schedule/clean_log.js
2020-10-26 14:57:04,636 INFO 38808 [egg-schedule]: register schedule /Users/lxd/Desktop/mine/egg-mock/node_modules/egg-logrotator/app/schedule/rotate_by_file.js
2020-10-26 14:57:06,065 INFO 38809 [egg-schedule]: register schedule /Users/lxd/Desktop/mine/egg-mock/node_modules/egg-multipart/app/schedule/clean_tmpdir.js
2020-10-26 14:57:06,065 INFO 38809 [egg-schedule]: register schedule /Users/lxd/Desktop/mine/egg-mock/node_modules/egg-logrotator/app/schedule/clean_log.js
2020-10-26 14:57:06,065 INFO 38809 [egg-schedule]: register schedule /Users/lxd/Desktop/mine/egg-mock/node_modules/egg-logrotator/app/schedule/rotate_by_file.js
2020-10-26 16:23:12,454 INFO 43025 [egg-schedule]: register schedule /Users/lxd/Desktop/mine/egg-mock/node_modules/egg-multipart/app/schedule/clean_tmpdir.js
2020-10-26 16:23:12,454 INFO 43025 [egg-schedule]: register schedule /Users/lxd/Desktop/mine/egg-mock/node_modules/egg-logrotator/app/schedule/clean_log.js
2020-10-26 16:23:12,454 INFO 43025 [egg-schedule]: register schedule /Users/lxd/Desktop/mine/egg-mock/node_modules/egg-logrotator/app/schedule/rotate_by_file.js
2020-10-26 16:23:16,212 INFO 43026 [egg-schedule]: register schedule /Users/lxd/Desktop/mine/egg-mock/node_modules/egg-multipart/app/schedule/clean_tmpdir.js
2020-10-26 16:23:16,212 INFO 43026 [egg-schedule]: register schedule /Users/lxd/Desktop/mine/egg-mock/node_modules/egg-logrotator/app/schedule/clean_log.js
2020-10-26 16:23:16,212 INFO 43026 [egg-schedule]: register schedule /Users/lxd/Desktop/mine/egg-mock/node_modules/egg-logrotator/app/schedule/rotate_by_file.js
2020-10-26 16:23:18,862 INFO 43027 [egg-schedule]: register schedule /Users/lxd/Desktop/mine/egg-mock/node_modules/egg-multipart/app/schedule/clean_tmpdir.js
2020-10-26 16:23:18,862 INFO 43027 [egg-schedule]: register schedule /Users/lxd/Desktop/mine/egg-mock/node_modules/egg-logrotator/app/schedule/clean_log.js
2020-10-26 16:23:18,862 INFO 43027 [egg-schedule]: register schedule /Users/lxd/Desktop/mine/egg-mock/node_modules/egg-logrotator/app/schedule/rotate_by_file.js
2020-10-26 16:26:01,329 INFO 43104 [Timer] /Users/lxd/Desktop/mine/egg-mock/node_modules/egg-multipart/app/schedule/clean_tmpdir.js next time will execute after 43438674ms at 2020-10-27 04:30:00.003
2020-10-26 16:26:01,329 INFO 43104 [Timer] /Users/lxd/Desktop/mine/egg-mock/node_modules/egg-logrotator/app/schedule/clean_log.js next time will execute after 27238671ms at 2020-10-27 00:00:00.000
2020-10-26 16:26:01,329 INFO 43104 [Timer] /Users/lxd/Desktop/mine/egg-mock/node_modules/egg-logrotator/app/schedule/rotate_by_file.js next time will execute after 27239671ms at 2020-10-27 00:00:01.000
2020-10-26 16:26:01,232 INFO 43108 [egg-schedule]: register schedule /Users/lxd/Desktop/mine/egg-mock/node_modules/egg-multipart/app/schedule/clean_tmpdir.js
2020-10-26 16:26:01,232 INFO 43108 [egg-schedule]: register schedule /Users/lxd/Desktop/mine/egg-mock/node_modules/egg-logrotator/app/schedule/clean_log.js
2020-10-26 16:26:01,232 INFO 43108 [egg-schedule]: register schedule /Users/lxd/Desktop/mine/egg-mock/node_modules/egg-logrotator/app/schedule/rotate_by_file.js
2020-10-26 16:26:45,692 INFO 43126 [egg-schedule]: register schedule /Users/lxd/Desktop/mine/egg-mock/node_modules/egg-multipart/app/schedule/clean_tmpdir.js
2020-10-26 16:26:45,692 INFO 43126 [egg-schedule]: register schedule /Users/lxd/Desktop/mine/egg-mock/node_modules/egg-logrotator/app/schedule/clean_log.js
2020-10-26 16:26:45,693 INFO 43126 [egg-schedule]: register schedule /Users/lxd/Desktop/mine/egg-mock/node_modules/egg-logrotator/app/schedule/rotate_by_file.js
2020-10-26 16:29:28,027 INFO 43213 [egg-schedule]: register schedule /Users/lxd/Desktop/mine/egg-mock/node_modules/egg-multipart/app/schedule/clean_tmpdir.js
2020-10-26 16:29:28,027 INFO 43213 [egg-schedule]: register schedule /Users/lxd/Desktop/mine/egg-mock/node_modules/egg-logrotator/app/schedule/clean_log.js
2020-10-26 16:29:28,027 INFO 43213 [egg-schedule]: register schedule /Users/lxd/Desktop/mine/egg-mock/node_modules/egg-logrotator/app/schedule/rotate_by_file.js
2020-10-26 16:29:45,792 INFO 43222 [egg-schedule]: register schedule /Users/lxd/Desktop/mine/egg-mock/node_modules/egg-multipart/app/schedule/clean_tmpdir.js
2020-10-26 16:29:45,792 INFO 43222 [egg-schedule]: register schedule /Users/lxd/Desktop/mine/egg-mock/node_modules/egg-logrotator/app/schedule/clean_log.js
2020-10-26 16:29:45,792 INFO 43222 [egg-schedule]: register schedule /Users/lxd/Desktop/mine/egg-mock/node_modules/egg-logrotator/app/schedule/rotate_by_file.js
2020-10-26 16:30:28,975 INFO 43243 [egg-schedule]: register schedule /Users/lxd/Desktop/mine/egg-mock/node_modules/egg-multipart/app/schedule/clean_tmpdir.js
2020-10-26 16:30:28,975 INFO 43243 [egg-schedule]: register schedule /Users/lxd/Desktop/mine/egg-mock/node_modules/egg-logrotator/app/schedule/clean_log.js
2020-10-26 16:30:28,975 INFO 43243 [egg-schedule]: register schedule /Users/lxd/Desktop/mine/egg-mock/node_modules/egg-logrotator/app/schedule/rotate_by_file.js
2020-10-26 16:42:38,303 INFO 43607 [egg-schedule]: register schedule /Users/lxd/Desktop/mine/egg-mock/node_modules/egg-multipart/app/schedule/clean_tmpdir.js
2020-10-26 16:42:38,303 INFO 43607 [egg-schedule]: register schedule /Users/lxd/Desktop/mine/egg-mock/node_modules/egg-logrotator/app/schedule/clean_log.js
2020-10-26 16:42:38,303 INFO 43607 [egg-schedule]: register schedule /Users/lxd/Desktop/mine/egg-mock/node_modules/egg-logrotator/app/schedule/rotate_by_file.js
2020-10-26 16:42:46,920 INFO 43612 [egg-schedule]: register schedule /Users/lxd/Desktop/mine/egg-mock/node_modules/egg-multipart/app/schedule/clean_tmpdir.js
2020-10-26 16:42:46,920 INFO 43612 [egg-schedule]: register schedule /Users/lxd/Desktop/mine/egg-mock/node_modules/egg-logrotator/app/schedule/clean_log.js
2020-10-26 16:42:46,920 INFO 43612 [egg-schedule]: register schedule /Users/lxd/Desktop/mine/egg-mock/node_modules/egg-logrotator/app/schedule/rotate_by_file.js
2020-10-26 16:44:16,005 INFO 43658 [egg-schedule]: register schedule /Users/lxd/Desktop/mine/egg-mock/node_modules/egg-multipart/app/schedule/clean_tmpdir.js
2020-10-26 16:44:16,005 INFO 43658 [egg-schedule]: register schedule /Users/lxd/Desktop/mine/egg-mock/node_modules/egg-logrotator/app/schedule/clean_log.js
2020-10-26 16:44:16,005 INFO 43658 [egg-schedule]: register schedule /Users/lxd/Desktop/mine/egg-mock/node_modules/egg-logrotator/app/schedule/rotate_by_file.js
2020-10-26 16:44:29,847 INFO 43669 [egg-schedule]: register schedule /Users/lxd/Desktop/mine/egg-mock/node_modules/egg-multipart/app/schedule/clean_tmpdir.js
2020-10-26 16:44:29,847 INFO 43669 [egg-schedule]: register schedule /Users/lxd/Desktop/mine/egg-mock/node_modules/egg-logrotator/app/schedule/clean_log.js
2020-10-26 16:44:29,847 INFO 43669 [egg-schedule]: register schedule /Users/lxd/Desktop/mine/egg-mock/node_modules/egg-logrotator/app/schedule/rotate_by_file.js
2020-10-26 16:44:45,097 INFO 43675 [egg-schedule]: register schedule /Users/lxd/Desktop/mine/egg-mock/node_modules/egg-multipart/app/schedule/clean_tmpdir.js
2020-10-26 16:44:45,097 INFO 43675 [egg-schedule]: register schedule /Users/lxd/Desktop/mine/egg-mock/node_modules/egg-logrotator/app/schedule/clean_log.js
2020-10-26 16:44:45,097 INFO 43675 [egg-schedule]: register schedule /Users/lxd/Desktop/mine/egg-mock/node_modules/egg-logrotator/app/schedule/rotate_by_file.js
2020-10-26 16:44:46,595 INFO 43676 [egg-schedule]: register schedule /Users/lxd/Desktop/mine/egg-mock/node_modules/egg-multipart/app/schedule/clean_tmpdir.js
2020-10-26 16:44:46,595 INFO 43676 [egg-schedule]: register schedule /Users/lxd/Desktop/mine/egg-mock/node_modules/egg-logrotator/app/schedule/clean_log.js
2020-10-26 16:44:46,595 INFO 43676 [egg-schedule]: register schedule /Users/lxd/Desktop/mine/egg-mock/node_modules/egg-logrotator/app/schedule/rotate_by_file.js
2020-10-26 16:45:03,925 INFO 43685 [egg-schedule]: register schedule /Users/lxd/Desktop/mine/egg-mock/node_modules/egg-multipart/app/schedule/clean_tmpdir.js
2020-10-26 16:45:03,925 INFO 43685 [egg-schedule]: register schedule /Users/lxd/Desktop/mine/egg-mock/node_modules/egg-logrotator/app/schedule/clean_log.js
2020-10-26 16:45:03,925 INFO 43685 [egg-schedule]: register schedule /Users/lxd/Desktop/mine/egg-mock/node_modules/egg-logrotator/app/schedule/rotate_by_file.js
2020-10-26 16:46:43,161 INFO 43730 [egg-schedule]: register schedule /Users/lxd/Desktop/mine/egg-mock/node_modules/egg-multipart/app/schedule/clean_tmpdir.js
2020-10-26 16:46:43,161 INFO 43730 [egg-schedule]: register schedule /Users/lxd/Desktop/mine/egg-mock/node_modules/egg-logrotator/app/schedule/clean_log.js
2020-10-26 16:46:43,161 INFO 43730 [egg-schedule]: register schedule /Users/lxd/Desktop/mine/egg-mock/node_modules/egg-logrotator/app/schedule/rotate_by_file.js
2020-10-26 16:47:07,118 INFO 43739 [egg-schedule]: register schedule /Users/lxd/Desktop/mine/egg-mock/node_modules/egg-multipart/app/schedule/clean_tmpdir.js
2020-10-26 16:47:07,118 INFO 43739 [egg-schedule]: register schedule /Users/lxd/Desktop/mine/egg-mock/node_modules/egg-logrotator/app/schedule/clean_log.js
2020-10-26 16:47:07,118 INFO 43739 [egg-schedule]: register schedule /Users/lxd/Desktop/mine/egg-mock/node_modules/egg-logrotator/app/schedule/rotate_by_file.js
2020-10-26 16:48:17,915 INFO 43770 [egg-schedule]: register schedule /Users/lxd/Desktop/mine/egg-mock/node_modules/egg-multipart/app/schedule/clean_tmpdir.js
2020-10-26 16:48:17,915 INFO 43770 [egg-schedule]: register schedule /Users/lxd/Desktop/mine/egg-mock/node_modules/egg-logrotator/app/schedule/clean_log.js
2020-10-26 16:48:17,915 INFO 43770 [egg-schedule]: register schedule /Users/lxd/Desktop/mine/egg-mock/node_modules/egg-logrotator/app/schedule/rotate_by_file.js
2020-10-26 16:48:30,178 INFO 43775 [egg-schedule]: register schedule /Users/lxd/Desktop/mine/egg-mock/node_modules/egg-multipart/app/schedule/clean_tmpdir.js
2020-10-26 16:48:30,178 INFO 43775 [egg-schedule]: register schedule /Users/lxd/Desktop/mine/egg-mock/node_modules/egg-logrotator/app/schedule/clean_log.js
2020-10-26 16:48:30,178 INFO 43775 [egg-schedule]: register schedule /Users/lxd/Desktop/mine/egg-mock/node_modules/egg-logrotator/app/schedule/rotate_by_file.js
2020-10-26 16:48:44,651 INFO 43780 [egg-schedule]: register schedule /Users/lxd/Desktop/mine/egg-mock/node_modules/egg-multipart/app/schedule/clean_tmpdir.js
2020-10-26 16:48:44,651 INFO 43780 [egg-schedule]: register schedule /Users/lxd/Desktop/mine/egg-mock/node_modules/egg-logrotator/app/schedule/clean_log.js
2020-10-26 16:48:44,651 INFO 43780 [egg-schedule]: register schedule /Users/lxd/Desktop/mine/egg-mock/node_modules/egg-logrotator/app/schedule/rotate_by_file.js
2020-10-26 16:48:52,480 INFO 43786 [egg-schedule]: register schedule /Users/lxd/Desktop/mine/egg-mock/node_modules/egg-multipart/app/schedule/clean_tmpdir.js
2020-10-26 16:48:52,480 INFO 43786 [egg-schedule]: register schedule /Users/lxd/Desktop/mine/egg-mock/node_modules/egg-logrotator/app/schedule/clean_log.js
2020-10-26 16:48:52,480 INFO 43786 [egg-schedule]: register schedule /Users/lxd/Desktop/mine/egg-mock/node_modules/egg-logrotator/app/schedule/rotate_by_file.js
2020-10-26 16:49:13,406 INFO 43795 [egg-schedule]: register schedule /Users/lxd/Desktop/mine/egg-mock/node_modules/egg-multipart/app/schedule/clean_tmpdir.js
2020-10-26 16:49:13,406 INFO 43795 [egg-schedule]: register schedule /Users/lxd/Desktop/mine/egg-mock/node_modules/egg-logrotator/app/schedule/clean_log.js
2020-10-26 16:49:13,406 INFO 43795 [egg-schedule]: register schedule /Users/lxd/Desktop/mine/egg-mock/node_modules/egg-logrotator/app/schedule/rotate_by_file.js
2020-10-26 16:49:14,633 INFO 43796 [egg-schedule]: register schedule /Users/lxd/Desktop/mine/egg-mock/node_modules/egg-multipart/app/schedule/clean_tmpdir.js
2020-10-26 16:49:14,633 INFO 43796 [egg-schedule]: register schedule /Users/lxd/Desktop/mine/egg-mock/node_modules/egg-logrotator/app/schedule/clean_log.js
2020-10-26 16:49:14,633 INFO 43796 [egg-schedule]: register schedule /Users/lxd/Desktop/mine/egg-mock/node_modules/egg-logrotator/app/schedule/rotate_by_file.js
2020-10-26 16:49:29,119 INFO 43806 [egg-schedule]: register schedule /Users/lxd/Desktop/mine/egg-mock/node_modules/egg-multipart/app/schedule/clean_tmpdir.js
2020-10-26 16:49:29,119 INFO 43806 [egg-schedule]: register schedule /Users/lxd/Desktop/mine/egg-mock/node_modules/egg-logrotator/app/schedule/clean_log.js
2020-10-26 16:49:29,119 INFO 43806 [egg-schedule]: register schedule /Users/lxd/Desktop/mine/egg-mock/node_modules/egg-logrotator/app/schedule/rotate_by_file.js
2020-10-26 16:49:38,787 INFO 43811 [egg-schedule]: register schedule /Users/lxd/Desktop/mine/egg-mock/node_modules/egg-multipart/app/schedule/clean_tmpdir.js
2020-10-26 16:49:38,787 INFO 43811 [egg-schedule]: register schedule /Users/lxd/Desktop/mine/egg-mock/node_modules/egg-logrotator/app/schedule/clean_log.js
2020-10-26 16:49:38,787 INFO 43811 [egg-schedule]: register schedule /Users/lxd/Desktop/mine/egg-mock/node_modules/egg-logrotator/app/schedule/rotate_by_file.js
2020-10-26 16:53:35,236 INFO 43917 [egg-schedule]: register schedule /Users/lxd/Desktop/mine/egg-mock/node_modules/egg-multipart/app/schedule/clean_tmpdir.js
2020-10-26 16:53:35,236 INFO 43917 [egg-schedule]: register schedule /Users/lxd/Desktop/mine/egg-mock/node_modules/egg-logrotator/app/schedule/clean_log.js
2020-10-26 16:53:35,236 INFO 43917 [egg-schedule]: register schedule /Users/lxd/Desktop/mine/egg-mock/node_modules/egg-logrotator/app/schedule/rotate_by_file.js
2020-10-26 16:54:33,363 INFO 43944 [egg-schedule]: register schedule /Users/lxd/Desktop/mine/egg-mock/node_modules/egg-multipart/app/schedule/clean_tmpdir.js
2020-10-26 16:54:33,363 INFO 43944 [egg-schedule]: register schedule /Users/lxd/Desktop/mine/egg-mock/node_modules/egg-logrotator/app/schedule/clean_log.js
2020-10-26 16:54:33,363 INFO 43944 [egg-schedule]: register schedule /Users/lxd/Desktop/mine/egg-mock/node_modules/egg-logrotator/app/schedule/rotate_by_file.js
2020-10-26 16:54:36,351 INFO 43945 [egg-schedule]: register schedule /Users/lxd/Desktop/mine/egg-mock/node_modules/egg-multipart/app/schedule/clean_tmpdir.js
2020-10-26 16:54:36,351 INFO 43945 [egg-schedule]: register schedule /Users/lxd/Desktop/mine/egg-mock/node_modules/egg-logrotator/app/schedule/clean_log.js
2020-10-26 16:54:36,351 INFO 43945 [egg-schedule]: register schedule /Users/lxd/Desktop/mine/egg-mock/node_modules/egg-logrotator/app/schedule/rotate_by_file.js
2020-10-26 16:55:03,246 INFO 43958 [egg-schedule]: register schedule /Users/lxd/Desktop/mine/egg-mock/node_modules/egg-multipart/app/schedule/clean_tmpdir.js
2020-10-26 16:55:03,246 INFO 43958 [egg-schedule]: register schedule /Users/lxd/Desktop/mine/egg-mock/node_modules/egg-logrotator/app/schedule/clean_log.js
2020-10-26 16:55:03,246 INFO 43958 [egg-schedule]: register schedule /Users/lxd/Desktop/mine/egg-mock/node_modules/egg-logrotator/app/schedule/rotate_by_file.js
2020-10-26 16:55:33,377 INFO 43968 [egg-schedule]: register schedule /Users/lxd/Desktop/mine/egg-mock/node_modules/egg-multipart/app/schedule/clean_tmpdir.js
2020-10-26 16:55:33,377 INFO 43968 [egg-schedule]: register schedule /Users/lxd/Desktop/mine/egg-mock/node_modules/egg-logrotator/app/schedule/clean_log.js
2020-10-26 16:55:33,377 INFO 43968 [egg-schedule]: register schedule /Users/lxd/Desktop/mine/egg-mock/node_modules/egg-logrotator/app/schedule/rotate_by_file.js
2020-10-26 16:55:43,894 INFO 43974 [egg-schedule]: register schedule /Users/lxd/Desktop/mine/egg-mock/node_modules/egg-multipart/app/schedule/clean_tmpdir.js
2020-10-26 16:55:43,894 INFO 43974 [egg-schedule]: register schedule /Users/lxd/Desktop/mine/egg-mock/node_modules/egg-logrotator/app/schedule/clean_log.js
2020-10-26 16:55:43,894 INFO 43974 [egg-schedule]: register schedule /Users/lxd/Desktop/mine/egg-mock/node_modules/egg-logrotator/app/schedule/rotate_by_file.js
2020-10-26 16:55:44,884 INFO 43979 [egg-schedule]: register schedule /Users/lxd/Desktop/mine/egg-mock/node_modules/egg-multipart/app/schedule/clean_tmpdir.js
2020-10-26 16:55:44,884 INFO 43979 [egg-schedule]: register schedule /Users/lxd/Desktop/mine/egg-mock/node_modules/egg-logrotator/app/schedule/clean_log.js
2020-10-26 16:55:44,884 INFO 43979 [egg-schedule]: register schedule /Users/lxd/Desktop/mine/egg-mock/node_modules/egg-logrotator/app/schedule/rotate_by_file.js
2020-10-26 16:55:55,372 INFO 43988 [egg-schedule]: register schedule /Users/lxd/Desktop/mine/egg-mock/node_modules/egg-multipart/app/schedule/clean_tmpdir.js
2020-10-26 16:55:55,372 INFO 43988 [egg-schedule]: register schedule /Users/lxd/Desktop/mine/egg-mock/node_modules/egg-logrotator/app/schedule/clean_log.js
2020-10-26 16:55:55,372 INFO 43988 [egg-schedule]: register schedule /Users/lxd/Desktop/mine/egg-mock/node_modules/egg-logrotator/app/schedule/rotate_by_file.js
2020-10-26 16:55:58,821 INFO 43989 [egg-schedule]: register schedule /Users/lxd/Desktop/mine/egg-mock/node_modules/egg-multipart/app/schedule/clean_tmpdir.js
2020-10-26 16:55:58,821 INFO 43989 [egg-schedule]: register schedule /Users/lxd/Desktop/mine/egg-mock/node_modules/egg-logrotator/app/schedule/clean_log.js
2020-10-26 16:55:58,821 INFO 43989 [egg-schedule]: register schedule /Users/lxd/Desktop/mine/egg-mock/node_modules/egg-logrotator/app/schedule/rotate_by_file.js
2020-10-26 16:56:28,053 INFO 44005 [egg-schedule]: register schedule /Users/lxd/Desktop/mine/egg-mock/node_modules/egg-multipart/app/schedule/clean_tmpdir.js
2020-10-26 16:56:28,053 INFO 44005 [egg-schedule]: register schedule /Users/lxd/Desktop/mine/egg-mock/node_modules/egg-logrotator/app/schedule/clean_log.js
2020-10-26 16:56:28,053 INFO 44005 [egg-schedule]: register schedule /Users/lxd/Desktop/mine/egg-mock/node_modules/egg-logrotator/app/schedule/rotate_by_file.js
2020-10-26 16:56:39,963 INFO 44010 [egg-schedule]: register schedule /Users/lxd/Desktop/mine/egg-mock/node_modules/egg-multipart/app/schedule/clean_tmpdir.js
2020-10-26 16:56:39,964 INFO 44010 [egg-schedule]: register schedule /Users/lxd/Desktop/mine/egg-mock/node_modules/egg-logrotator/app/schedule/clean_log.js
2020-10-26 16:56:39,964 INFO 44010 [egg-schedule]: register schedule /Users/lxd/Desktop/mine/egg-mock/node_modules/egg-logrotator/app/schedule/rotate_by_file.js
2020-10-26 16:56:41,663 INFO 44011 [egg-schedule]: register schedule /Users/lxd/Desktop/mine/egg-mock/node_modules/egg-multipart/app/schedule/clean_tmpdir.js
2020-10-26 16:56:41,663 INFO 44011 [egg-schedule]: register schedule /Users/lxd/Desktop/mine/egg-mock/node_modules/egg-logrotator/app/schedule/clean_log.js
2020-10-26 16:56:41,663 INFO 44011 [egg-schedule]: register schedule /Users/lxd/Desktop/mine/egg-mock/node_modules/egg-logrotator/app/schedule/rotate_by_file.js
2020-10-26 16:56:46,535 INFO 44016 [egg-schedule]: register schedule /Users/lxd/Desktop/mine/egg-mock/node_modules/egg-multipart/app/schedule/clean_tmpdir.js
2020-10-26 16:56:46,535 INFO 44016 [egg-schedule]: register schedule /Users/lxd/Desktop/mine/egg-mock/node_modules/egg-logrotator/app/schedule/clean_log.js
2020-10-26 16:56:46,535 INFO 44016 [egg-schedule]: register schedule /Users/lxd/Desktop/mine/egg-mock/node_modules/egg-logrotator/app/schedule/rotate_by_file.js
2020-10-26 16:56:49,177 INFO 44017 [egg-schedule]: register schedule /Users/lxd/Desktop/mine/egg-mock/node_modules/egg-multipart/app/schedule/clean_tmpdir.js
2020-10-26 16:56:49,177 INFO 44017 [egg-schedule]: register schedule /Users/lxd/Desktop/mine/egg-mock/node_modules/egg-logrotator/app/schedule/clean_log.js
2020-10-26 16:56:49,177 INFO 44017 [egg-schedule]: register schedule /Users/lxd/Desktop/mine/egg-mock/node_modules/egg-logrotator/app/schedule/rotate_by_file.js
2020-10-26 16:57:09,551 INFO 44034 [egg-schedule]: register schedule /Users/lxd/Desktop/mine/egg-mock/node_modules/egg-multipart/app/schedule/clean_tmpdir.js
2020-10-26 16:57:09,551 INFO 44034 [egg-schedule]: register schedule /Users/lxd/Desktop/mine/egg-mock/node_modules/egg-logrotator/app/schedule/clean_log.js
2020-10-26 16:57:09,551 INFO 44034 [egg-schedule]: register schedule /Users/lxd/Desktop/mine/egg-mock/node_modules/egg-logrotator/app/schedule/rotate_by_file.js
2020-10-26 16:58:01,370 INFO 44057 [egg-schedule]: register schedule /Users/lxd/Desktop/mine/egg-mock/node_modules/egg-multipart/app/schedule/clean_tmpdir.js
2020-10-26 16:58:01,370 INFO 44057 [egg-schedule]: register schedule /Users/lxd/Desktop/mine/egg-mock/node_modules/egg-logrotator/app/schedule/clean_log.js
2020-10-26 16:58:01,370 INFO 44057 [egg-schedule]: register schedule /Users/lxd/Desktop/mine/egg-mock/node_modules/egg-logrotator/app/schedule/rotate_by_file.js
2020-10-26 16:58:23,118 INFO 44066 [egg-schedule]: register schedule /Users/lxd/Desktop/mine/egg-mock/node_modules/egg-multipart/app/schedule/clean_tmpdir.js
2020-10-26 16:58:23,118 INFO 44066 [egg-schedule]: register schedule /Users/lxd/Desktop/mine/egg-mock/node_modules/egg-logrotator/app/schedule/clean_log.js
2020-10-26 16:58:23,118 INFO 44066 [egg-schedule]: register schedule /Users/lxd/Desktop/mine/egg-mock/node_modules/egg-logrotator/app/schedule/rotate_by_file.js
2020-10-26 16:58:56,703 INFO 44079 [egg-schedule]: register schedule /Users/lxd/Desktop/mine/egg-mock/node_modules/egg-multipart/app/schedule/clean_tmpdir.js
2020-10-26 16:58:56,703 INFO 44079 [egg-schedule]: register schedule /Users/lxd/Desktop/mine/egg-mock/node_modules/egg-logrotator/app/schedule/clean_log.js
2020-10-26 16:58:56,703 INFO 44079 [egg-schedule]: register schedule /Users/lxd/Desktop/mine/egg-mock/node_modules/egg-logrotator/app/schedule/rotate_by_file.js
2020-10-26 16:59:20,041 INFO 44092 [egg-schedule]: register schedule /Users/lxd/Desktop/mine/egg-mock/node_modules/egg-multipart/app/schedule/clean_tmpdir.js
2020-10-26 16:59:20,041 INFO 44092 [egg-schedule]: register schedule /Users/lxd/Desktop/mine/egg-mock/node_modules/egg-logrotator/app/schedule/clean_log.js
2020-10-26 16:59:20,041 INFO 44092 [egg-schedule]: register schedule /Users/lxd/Desktop/mine/egg-mock/node_modules/egg-logrotator/app/schedule/rotate_by_file.js
2020-10-26 16:59:41,829 INFO 44101 [egg-schedule]: register schedule /Users/lxd/Desktop/mine/egg-mock/node_modules/egg-multipart/app/schedule/clean_tmpdir.js
2020-10-26 16:59:41,829 INFO 44101 [egg-schedule]: register schedule /Users/lxd/Desktop/mine/egg-mock/node_modules/egg-logrotator/app/schedule/clean_log.js
2020-10-26 16:59:41,829 INFO 44101 [egg-schedule]: register schedule /Users/lxd/Desktop/mine/egg-mock/node_modules/egg-logrotator/app/schedule/rotate_by_file.js
2020-10-26 17:00:11,477 INFO 44115 [egg-schedule]: register schedule /Users/lxd/Desktop/mine/egg-mock/node_modules/egg-multipart/app/schedule/clean_tmpdir.js
2020-10-26 17:00:11,477 INFO 44115 [egg-schedule]: register schedule /Users/lxd/Desktop/mine/egg-mock/node_modules/egg-logrotator/app/schedule/clean_log.js
2020-10-26 17:00:11,478 INFO 44115 [egg-schedule]: register schedule /Users/lxd/Desktop/mine/egg-mock/node_modules/egg-logrotator/app/schedule/rotate_by_file.js
2020-10-26 17:00:41,623 INFO 44129 [egg-schedule]: register schedule /Users/lxd/Desktop/mine/egg-mock/node_modules/egg-multipart/app/schedule/clean_tmpdir.js
2020-10-26 17:00:41,624 INFO 44129 [egg-schedule]: register schedule /Users/lxd/Desktop/mine/egg-mock/node_modules/egg-logrotator/app/schedule/clean_log.js
2020-10-26 17:00:41,624 INFO 44129 [egg-schedule]: register schedule /Users/lxd/Desktop/mine/egg-mock/node_modules/egg-logrotator/app/schedule/rotate_by_file.js
2020-10-26 17:01:38,497 INFO 44150 [egg-schedule]: register schedule /Users/lxd/Desktop/mine/egg-mock/node_modules/egg-multipart/app/schedule/clean_tmpdir.js
2020-10-26 17:01:38,497 INFO 44150 [egg-schedule]: register schedule /Users/lxd/Desktop/mine/egg-mock/node_modules/egg-logrotator/app/schedule/clean_log.js
2020-10-26 17:01:38,497 INFO 44150 [egg-schedule]: register schedule /Users/lxd/Desktop/mine/egg-mock/node_modules/egg-logrotator/app/schedule/rotate_by_file.js
2020-10-26 17:01:54,658 INFO 44160 [egg-schedule]: register schedule /Users/lxd/Desktop/mine/egg-mock/node_modules/egg-multipart/app/schedule/clean_tmpdir.js
2020-10-26 17:01:54,658 INFO 44160 [egg-schedule]: register schedule /Users/lxd/Desktop/mine/egg-mock/node_modules/egg-logrotator/app/schedule/clean_log.js
2020-10-26 17:01:54,658 INFO 44160 [egg-schedule]: register schedule /Users/lxd/Desktop/mine/egg-mock/node_modules/egg-logrotator/app/schedule/rotate_by_file.js
2020-10-26 17:02:07,410 INFO 44165 [egg-schedule]: register schedule /Users/lxd/Desktop/mine/egg-mock/node_modules/egg-multipart/app/schedule/clean_tmpdir.js
2020-10-26 17:02:07,410 INFO 44165 [egg-schedule]: register schedule /Users/lxd/Desktop/mine/egg-mock/node_modules/egg-logrotator/app/schedule/clean_log.js
2020-10-26 17:02:07,410 INFO 44165 [egg-schedule]: register schedule /Users/lxd/Desktop/mine/egg-mock/node_modules/egg-logrotator/app/schedule/rotate_by_file.js
2020-10-26 17:02:09,537 INFO 44166 [egg-schedule]: register schedule /Users/lxd/Desktop/mine/egg-mock/node_modules/egg-multipart/app/schedule/clean_tmpdir.js
2020-10-26 17:02:09,537 INFO 44166 [egg-schedule]: register schedule /Users/lxd/Desktop/mine/egg-mock/node_modules/egg-logrotator/app/schedule/clean_log.js
2020-10-26 17:02:09,537 INFO 44166 [egg-schedule]: register schedule /Users/lxd/Desktop/mine/egg-mock/node_modules/egg-logrotator/app/schedule/rotate_by_file.js
2020-10-26 17:02:14,338 INFO 44171 [egg-schedule]: register schedule /Users/lxd/Desktop/mine/egg-mock/node_modules/egg-multipart/app/schedule/clean_tmpdir.js
2020-10-26 17:02:14,338 INFO 44171 [egg-schedule]: register schedule /Users/lxd/Desktop/mine/egg-mock/node_modules/egg-logrotator/app/schedule/clean_log.js
2020-10-26 17:02:14,338 INFO 44171 [egg-schedule]: register schedule /Users/lxd/Desktop/mine/egg-mock/node_modules/egg-logrotator/app/schedule/rotate_by_file.js
2020-10-26 17:02:44,721 INFO 44185 [egg-schedule]: register schedule /Users/lxd/Desktop/mine/egg-mock/node_modules/egg-multipart/app/schedule/clean_tmpdir.js
2020-10-26 17:02:44,721 INFO 44185 [egg-schedule]: register schedule /Users/lxd/Desktop/mine/egg-mock/node_modules/egg-logrotator/app/schedule/clean_log.js
2020-10-26 17:02:44,721 INFO 44185 [egg-schedule]: register schedule /Users/lxd/Desktop/mine/egg-mock/node_modules/egg-logrotator/app/schedule/rotate_by_file.js
2020-10-26 17:02:55,433 INFO 44190 [egg-schedule]: register schedule /Users/lxd/Desktop/mine/egg-mock/node_modules/egg-multipart/app/schedule/clean_tmpdir.js
2020-10-26 17:02:55,433 INFO 44190 [egg-schedule]: register schedule /Users/lxd/Desktop/mine/egg-mock/node_modules/egg-logrotator/app/schedule/clean_log.js
2020-10-26 17:02:55,433 INFO 44190 [egg-schedule]: register schedule /Users/lxd/Desktop/mine/egg-mock/node_modules/egg-logrotator/app/schedule/rotate_by_file.js
2020-10-26 17:03:23,255 INFO 44199 [egg-schedule]: register schedule /Users/lxd/Desktop/mine/egg-mock/node_modules/egg-multipart/app/schedule/clean_tmpdir.js
2020-10-26 17:03:23,255 INFO 44199 [egg-schedule]: register schedule /Users/lxd/Desktop/mine/egg-mock/node_modules/egg-logrotator/app/schedule/clean_log.js
2020-10-26 17:03:23,255 INFO 44199 [egg-schedule]: register schedule /Users/lxd/Desktop/mine/egg-mock/node_modules/egg-logrotator/app/schedule/rotate_by_file.js
2020-10-26 17:03:41,953 INFO 44208 [egg-schedule]: register schedule /Users/lxd/Desktop/mine/egg-mock/node_modules/egg-multipart/app/schedule/clean_tmpdir.js
2020-10-26 17:03:41,953 INFO 44208 [egg-schedule]: register schedule /Users/lxd/Desktop/mine/egg-mock/node_modules/egg-logrotator/app/schedule/clean_log.js
2020-10-26 17:03:41,953 INFO 44208 [egg-schedule]: register schedule /Users/lxd/Desktop/mine/egg-mock/node_modules/egg-logrotator/app/schedule/rotate_by_file.js
2020-10-26 17:05:00,545 INFO 44251 [egg-schedule]: register schedule /Users/lxd/Desktop/mine/egg-mock/node_modules/egg-multipart/app/schedule/clean_tmpdir.js
2020-10-26 17:05:00,545 INFO 44251 [egg-schedule]: register schedule /Users/lxd/Desktop/mine/egg-mock/node_modules/egg-logrotator/app/schedule/clean_log.js
2020-10-26 17:05:00,545 INFO 44251 [egg-schedule]: register schedule /Users/lxd/Desktop/mine/egg-mock/node_modules/egg-logrotator/app/schedule/rotate_by_file.js
2020-10-26 17:05:04,692 INFO 44252 [egg-schedule]: register schedule /Users/lxd/Desktop/mine/egg-mock/node_modules/egg-multipart/app/schedule/clean_tmpdir.js
2020-10-26 17:05:04,692 INFO 44252 [egg-schedule]: register schedule /Users/lxd/Desktop/mine/egg-mock/node_modules/egg-logrotator/app/schedule/clean_log.js
2020-10-26 17:05:04,692 INFO 44252 [egg-schedule]: register schedule /Users/lxd/Desktop/mine/egg-mock/node_modules/egg-logrotator/app/schedule/rotate_by_file.js
2020-10-26 17:05:19,725 INFO 44261 [egg-schedule]: register schedule /Users/lxd/Desktop/mine/egg-mock/node_modules/egg-multipart/app/schedule/clean_tmpdir.js
2020-10-26 17:05:19,725 INFO 44261 [egg-schedule]: register schedule /Users/lxd/Desktop/mine/egg-mock/node_modules/egg-logrotator/app/schedule/clean_log.js
2020-10-26 17:05:19,725 INFO 44261 [egg-schedule]: register schedule /Users/lxd/Desktop/mine/egg-mock/node_modules/egg-logrotator/app/schedule/rotate_by_file.js
2020-10-26 17:05:30,065 INFO 44266 [egg-schedule]: register schedule /Users/lxd/Desktop/mine/egg-mock/node_modules/egg-multipart/app/schedule/clean_tmpdir.js
2020-10-26 17:05:30,065 INFO 44266 [egg-schedule]: register schedule /Users/lxd/Desktop/mine/egg-mock/node_modules/egg-logrotator/app/schedule/clean_log.js
2020-10-26 17:05:30,065 INFO 44266 [egg-schedule]: register schedule /Users/lxd/Desktop/mine/egg-mock/node_modules/egg-logrotator/app/schedule/rotate_by_file.js
2020-10-26 17:06:09,414 INFO 44283 [egg-schedule]: register schedule /Users/lxd/Desktop/mine/egg-mock/node_modules/egg-multipart/app/schedule/clean_tmpdir.js
2020-10-26 17:06:09,415 INFO 44283 [egg-schedule]: register schedule /Users/lxd/Desktop/mine/egg-mock/node_modules/egg-logrotator/app/schedule/clean_log.js
2020-10-26 17:06:09,415 INFO 44283 [egg-schedule]: register schedule /Users/lxd/Desktop/mine/egg-mock/node_modules/egg-logrotator/app/schedule/rotate_by_file.js
2020-10-26 17:06:19,956 INFO 44288 [egg-schedule]: register schedule /Users/lxd/Desktop/mine/egg-mock/node_modules/egg-multipart/app/schedule/clean_tmpdir.js
2020-10-26 17:06:19,956 INFO 44288 [egg-schedule]: register schedule /Users/lxd/Desktop/mine/egg-mock/node_modules/egg-logrotator/app/schedule/clean_log.js
2020-10-26 17:06:19,956 INFO 44288 [egg-schedule]: register schedule /Users/lxd/Desktop/mine/egg-mock/node_modules/egg-logrotator/app/schedule/rotate_by_file.js
2020-10-26 17:06:27,351 INFO 44289 [egg-schedule]: register schedule /Users/lxd/Desktop/mine/egg-mock/node_modules/egg-multipart/app/schedule/clean_tmpdir.js
2020-10-26 17:06:27,351 INFO 44289 [egg-schedule]: register schedule /Users/lxd/Desktop/mine/egg-mock/node_modules/egg-logrotator/app/schedule/clean_log.js
2020-10-26 17:06:27,351 INFO 44289 [egg-schedule]: register schedule /Users/lxd/Desktop/mine/egg-mock/node_modules/egg-logrotator/app/schedule/rotate_by_file.js
2020-10-26 17:07:53,296 INFO 44333 [egg-schedule]: register schedule /Users/lxd/Desktop/mine/egg-mock/node_modules/egg-multipart/app/schedule/clean_tmpdir.js
2020-10-26 17:07:53,296 INFO 44333 [egg-schedule]: register schedule /Users/lxd/Desktop/mine/egg-mock/node_modules/egg-logrotator/app/schedule/clean_log.js
2020-10-26 17:07:53,296 INFO 44333 [egg-schedule]: register schedule /Users/lxd/Desktop/mine/egg-mock/node_modules/egg-logrotator/app/schedule/rotate_by_file.js
2020-10-26 17:09:15,465 INFO 44370 [egg-schedule]: register schedule /Users/lxd/Desktop/mine/egg-mock/node_modules/egg-multipart/app/schedule/clean_tmpdir.js
2020-10-26 17:09:15,465 INFO 44370 [egg-schedule]: register schedule /Users/lxd/Desktop/mine/egg-mock/node_modules/egg-logrotator/app/schedule/clean_log.js
2020-10-26 17:09:15,465 INFO 44370 [egg-schedule]: register schedule /Users/lxd/Desktop/mine/egg-mock/node_modules/egg-logrotator/app/schedule/rotate_by_file.js
2020-10-26 17:09:52,244 INFO 44385 [egg-schedule]: register schedule /Users/lxd/Desktop/mine/egg-mock/node_modules/egg-multipart/app/schedule/clean_tmpdir.js
2020-10-26 17:09:52,244 INFO 44385 [egg-schedule]: register schedule /Users/lxd/Desktop/mine/egg-mock/node_modules/egg-logrotator/app/schedule/clean_log.js
2020-10-26 17:09:52,244 INFO 44385 [egg-schedule]: register schedule /Users/lxd/Desktop/mine/egg-mock/node_modules/egg-logrotator/app/schedule/rotate_by_file.js
2020-10-26 17:09:55,986 INFO 44390 [egg-schedule]: register schedule /Users/lxd/Desktop/mine/egg-mock/node_modules/egg-multipart/app/schedule/clean_tmpdir.js
2020-10-26 17:09:55,986 INFO 44390 [egg-schedule]: register schedule /Users/lxd/Desktop/mine/egg-mock/node_modules/egg-logrotator/app/schedule/clean_log.js
2020-10-26 17:09:55,986 INFO 44390 [egg-schedule]: register schedule /Users/lxd/Desktop/mine/egg-mock/node_modules/egg-logrotator/app/schedule/rotate_by_file.js
2020-10-26 17:11:51,010 INFO 44455 [egg-schedule]: register schedule /Users/lxd/Desktop/mine/egg-mock/node_modules/egg-multipart/app/schedule/clean_tmpdir.js
2020-10-26 17:11:51,010 INFO 44455 [egg-schedule]: register schedule /Users/lxd/Desktop/mine/egg-mock/node_modules/egg-logrotator/app/schedule/clean_log.js
2020-10-26 17:11:51,010 INFO 44455 [egg-schedule]: register schedule /Users/lxd/Desktop/mine/egg-mock/node_modules/egg-logrotator/app/schedule/rotate_by_file.js
2020-10-26 17:12:10,563 INFO 44464 [egg-schedule]: register schedule /Users/lxd/Desktop/mine/egg-mock/node_modules/egg-multipart/app/schedule/clean_tmpdir.js
2020-10-26 17:12:10,563 INFO 44464 [egg-schedule]: register schedule /Users/lxd/Desktop/mine/egg-mock/node_modules/egg-logrotator/app/schedule/clean_log.js
2020-10-26 17:12:10,563 INFO 44464 [egg-schedule]: register schedule /Users/lxd/Desktop/mine/egg-mock/node_modules/egg-logrotator/app/schedule/rotate_by_file.js
2020-10-26 17:12:37,565 INFO 44477 [egg-schedule]: register schedule /Users/lxd/Desktop/mine/egg-mock/node_modules/egg-multipart/app/schedule/clean_tmpdir.js
2020-10-26 17:12:37,565 INFO 44477 [egg-schedule]: register schedule /Users/lxd/Desktop/mine/egg-mock/node_modules/egg-logrotator/app/schedule/clean_log.js
2020-10-26 17:12:37,565 INFO 44477 [egg-schedule]: register schedule /Users/lxd/Desktop/mine/egg-mock/node_modules/egg-logrotator/app/schedule/rotate_by_file.js
2020-10-26 17:13:20,250 INFO 44494 [egg-schedule]: register schedule /Users/lxd/Desktop/mine/egg-mock/node_modules/egg-multipart/app/schedule/clean_tmpdir.js
2020-10-26 17:13:20,250 INFO 44494 [egg-schedule]: register schedule /Users/lxd/Desktop/mine/egg-mock/node_modules/egg-logrotator/app/schedule/clean_log.js
2020-10-26 17:13:20,250 INFO 44494 [egg-schedule]: register schedule /Users/lxd/Desktop/mine/egg-mock/node_modules/egg-logrotator/app/schedule/rotate_by_file.js
2020-10-26 17:15:30,525 INFO 44549 [egg-schedule]: register schedule /Users/lxd/Desktop/mine/egg-mock/node_modules/egg-multipart/app/schedule/clean_tmpdir.js
2020-10-26 17:15:30,525 INFO 44549 [egg-schedule]: register schedule /Users/lxd/Desktop/mine/egg-mock/node_modules/egg-logrotator/app/schedule/clean_log.js
2020-10-26 17:15:30,525 INFO 44549 [egg-schedule]: register schedule /Users/lxd/Desktop/mine/egg-mock/node_modules/egg-logrotator/app/schedule/rotate_by_file.js
2020-10-26 17:15:32,800 INFO 44550 [egg-schedule]: register schedule /Users/lxd/Desktop/mine/egg-mock/node_modules/egg-multipart/app/schedule/clean_tmpdir.js
2020-10-26 17:15:32,800 INFO 44550 [egg-schedule]: register schedule /Users/lxd/Desktop/mine/egg-mock/node_modules/egg-logrotator/app/schedule/clean_log.js
2020-10-26 17:15:32,800 INFO 44550 [egg-schedule]: register schedule /Users/lxd/Desktop/mine/egg-mock/node_modules/egg-logrotator/app/schedule/rotate_by_file.js
2020-10-26 17:16:17,299 INFO 44567 [egg-schedule]: register schedule /Users/lxd/Desktop/mine/egg-mock/node_modules/egg-multipart/app/schedule/clean_tmpdir.js
2020-10-26 17:16:17,299 INFO 44567 [egg-schedule]: register schedule /Users/lxd/Desktop/mine/egg-mock/node_modules/egg-logrotator/app/schedule/clean_log.js
2020-10-26 17:16:17,299 INFO 44567 [egg-schedule]: register schedule /Users/lxd/Desktop/mine/egg-mock/node_modules/egg-logrotator/app/schedule/rotate_by_file.js
2020-10-26 17:16:38,957 INFO 44576 [egg-schedule]: register schedule /Users/lxd/Desktop/mine/egg-mock/node_modules/egg-multipart/app/schedule/clean_tmpdir.js
2020-10-26 17:16:38,957 INFO 44576 [egg-schedule]: register schedule /Users/lxd/Desktop/mine/egg-mock/node_modules/egg-logrotator/app/schedule/clean_log.js
2020-10-26 17:16:38,957 INFO 44576 [egg-schedule]: register schedule /Users/lxd/Desktop/mine/egg-mock/node_modules/egg-logrotator/app/schedule/rotate_by_file.js
2020-10-26 17:17:07,419 INFO 44589 [egg-schedule]: register schedule /Users/lxd/Desktop/mine/egg-mock/node_modules/egg-multipart/app/schedule/clean_tmpdir.js
2020-10-26 17:17:07,419 INFO 44589 [egg-schedule]: register schedule /Users/lxd/Desktop/mine/egg-mock/node_modules/egg-logrotator/app/schedule/clean_log.js
2020-10-26 17:17:07,419 INFO 44589 [egg-schedule]: register schedule /Users/lxd/Desktop/mine/egg-mock/node_modules/egg-logrotator/app/schedule/rotate_by_file.js
2020-10-26 17:17:39,016 INFO 44602 [egg-schedule]: register schedule /Users/lxd/Desktop/mine/egg-mock/node_modules/egg-multipart/app/schedule/clean_tmpdir.js
2020-10-26 17:17:39,017 INFO 44602 [egg-schedule]: register schedule /Users/lxd/Desktop/mine/egg-mock/node_modules/egg-logrotator/app/schedule/clean_log.js
2020-10-26 17:17:39,017 INFO 44602 [egg-schedule]: register schedule /Users/lxd/Desktop/mine/egg-mock/node_modules/egg-logrotator/app/schedule/rotate_by_file.js
2020-10-26 17:18:00,545 INFO 44611 [egg-schedule]: register schedule /Users/lxd/Desktop/mine/egg-mock/node_modules/egg-multipart/app/schedule/clean_tmpdir.js
2020-10-26 17:18:00,545 INFO 44611 [egg-schedule]: register schedule /Users/lxd/Desktop/mine/egg-mock/node_modules/egg-logrotator/app/schedule/clean_log.js
2020-10-26 17:18:00,545 INFO 44611 [egg-schedule]: register schedule /Users/lxd/Desktop/mine/egg-mock/node_modules/egg-logrotator/app/schedule/rotate_by_file.js
2020-10-26 17:18:13,840 INFO 44616 [egg-schedule]: register schedule /Users/lxd/Desktop/mine/egg-mock/node_modules/egg-multipart/app/schedule/clean_tmpdir.js
2020-10-26 17:18:13,840 INFO 44616 [egg-schedule]: register schedule /Users/lxd/Desktop/mine/egg-mock/node_modules/egg-logrotator/app/schedule/clean_log.js
2020-10-26 17:18:13,840 INFO 44616 [egg-schedule]: register schedule /Users/lxd/Desktop/mine/egg-mock/node_modules/egg-logrotator/app/schedule/rotate_by_file.js
2020-10-26 17:18:29,789 INFO 44625 [egg-schedule]: register schedule /Users/lxd/Desktop/mine/egg-mock/node_modules/egg-multipart/app/schedule/clean_tmpdir.js
2020-10-26 17:18:29,789 INFO 44625 [egg-schedule]: register schedule /Users/lxd/Desktop/mine/egg-mock/node_modules/egg-logrotator/app/schedule/clean_log.js
2020-10-26 17:18:29,789 INFO 44625 [egg-schedule]: register schedule /Users/lxd/Desktop/mine/egg-mock/node_modules/egg-logrotator/app/schedule/rotate_by_file.js
2020-10-26 17:19:26,191 INFO 44650 [egg-schedule]: register schedule /Users/lxd/Desktop/mine/egg-mock/node_modules/egg-multipart/app/schedule/clean_tmpdir.js
2020-10-26 17:19:26,191 INFO 44650 [egg-schedule]: register schedule /Users/lxd/Desktop/mine/egg-mock/node_modules/egg-logrotator/app/schedule/clean_log.js
2020-10-26 17:19:26,191 INFO 44650 [egg-schedule]: register schedule /Users/lxd/Desktop/mine/egg-mock/node_modules/egg-logrotator/app/schedule/rotate_by_file.js
2020-10-26 17:20:31,451 INFO 44675 [egg-schedule]: register schedule /Users/lxd/Desktop/mine/egg-mock/node_modules/egg-multipart/app/schedule/clean_tmpdir.js
2020-10-26 17:20:31,451 INFO 44675 [egg-schedule]: register schedule /Users/lxd/Desktop/mine/egg-mock/node_modules/egg-logrotator/app/schedule/clean_log.js
2020-10-26 17:20:31,451 INFO 44675 [egg-schedule]: register schedule /Users/lxd/Desktop/mine/egg-mock/node_modules/egg-logrotator/app/schedule/rotate_by_file.js
2020-10-26 17:20:48,032 INFO 44684 [egg-schedule]: register schedule /Users/lxd/Desktop/mine/egg-mock/node_modules/egg-multipart/app/schedule/clean_tmpdir.js
2020-10-26 17:20:48,032 INFO 44684 [egg-schedule]: register schedule /Users/lxd/Desktop/mine/egg-mock/node_modules/egg-logrotator/app/schedule/clean_log.js
2020-10-26 17:20:48,032 INFO 44684 [egg-schedule]: register schedule /Users/lxd/Desktop/mine/egg-mock/node_modules/egg-logrotator/app/schedule/rotate_by_file.js
2020-10-26 17:20:56,904 INFO 44685 [egg-schedule]: register schedule /Users/lxd/Desktop/mine/egg-mock/node_modules/egg-multipart/app/schedule/clean_tmpdir.js
2020-10-26 17:20:56,904 INFO 44685 [egg-schedule]: register schedule /Users/lxd/Desktop/mine/egg-mock/node_modules/egg-logrotator/app/schedule/clean_log.js
2020-10-26 17:20:56,904 INFO 44685 [egg-schedule]: register schedule /Users/lxd/Desktop/mine/egg-mock/node_modules/egg-logrotator/app/schedule/rotate_by_file.js
2020-10-26 17:21:27,175 INFO 44698 [egg-schedule]: register schedule /Users/lxd/Desktop/mine/egg-mock/node_modules/egg-multipart/app/schedule/clean_tmpdir.js
2020-10-26 17:21:27,175 INFO 44698 [egg-schedule]: register schedule /Users/lxd/Desktop/mine/egg-mock/node_modules/egg-logrotator/app/schedule/clean_log.js
2020-10-26 17:21:27,175 INFO 44698 [egg-schedule]: register schedule /Users/lxd/Desktop/mine/egg-mock/node_modules/egg-logrotator/app/schedule/rotate_by_file.js
2020-10-26 17:22:18,714 INFO 44719 [egg-schedule]: register schedule /Users/lxd/Desktop/mine/egg-mock/node_modules/egg-multipart/app/schedule/clean_tmpdir.js
2020-10-26 17:22:18,714 INFO 44719 [egg-schedule]: register schedule /Users/lxd/Desktop/mine/egg-mock/node_modules/egg-logrotator/app/schedule/clean_log.js
2020-10-26 17:22:18,714 INFO 44719 [egg-schedule]: register schedule /Users/lxd/Desktop/mine/egg-mock/node_modules/egg-logrotator/app/schedule/rotate_by_file.js
2020-10-26 17:22:48,070 INFO 44732 [egg-schedule]: register schedule /Users/lxd/Desktop/mine/egg-mock/node_modules/egg-multipart/app/schedule/clean_tmpdir.js
2020-10-26 17:22:48,070 INFO 44732 [egg-schedule]: register schedule /Users/lxd/Desktop/mine/egg-mock/node_modules/egg-logrotator/app/schedule/clean_log.js
2020-10-26 17:22:48,070 INFO 44732 [egg-schedule]: register schedule /Users/lxd/Desktop/mine/egg-mock/node_modules/egg-logrotator/app/schedule/rotate_by_file.js
2020-10-26 17:23:31,732 INFO 44753 [egg-schedule]: register schedule /Users/lxd/Desktop/mine/egg-mock/node_modules/egg-multipart/app/schedule/clean_tmpdir.js
2020-10-26 17:23:31,732 INFO 44753 [egg-schedule]: register schedule /Users/lxd/Desktop/mine/egg-mock/node_modules/egg-logrotator/app/schedule/clean_log.js
2020-10-26 17:23:31,732 INFO 44753 [egg-schedule]: register schedule /Users/lxd/Desktop/mine/egg-mock/node_modules/egg-logrotator/app/schedule/rotate_by_file.js
2020-10-26 17:23:38,294 INFO 44754 [egg-schedule]: register schedule /Users/lxd/Desktop/mine/egg-mock/node_modules/egg-multipart/app/schedule/clean_tmpdir.js
2020-10-26 17:23:38,294 INFO 44754 [egg-schedule]: register schedule /Users/lxd/Desktop/mine/egg-mock/node_modules/egg-logrotator/app/schedule/clean_log.js
2020-10-26 17:23:38,294 INFO 44754 [egg-schedule]: register schedule /Users/lxd/Desktop/mine/egg-mock/node_modules/egg-logrotator/app/schedule/rotate_by_file.js
2020-10-26 17:23:58,413 INFO 44763 [egg-schedule]: register schedule /Users/lxd/Desktop/mine/egg-mock/node_modules/egg-multipart/app/schedule/clean_tmpdir.js
2020-10-26 17:23:58,413 INFO 44763 [egg-schedule]: register schedule /Users/lxd/Desktop/mine/egg-mock/node_modules/egg-logrotator/app/schedule/clean_log.js
2020-10-26 17:23:58,413 INFO 44763 [egg-schedule]: register schedule /Users/lxd/Desktop/mine/egg-mock/node_modules/egg-logrotator/app/schedule/rotate_by_file.js
2020-10-26 17:24:06,721 INFO 44768 [egg-schedule]: register schedule /Users/lxd/Desktop/mine/egg-mock/node_modules/egg-multipart/app/schedule/clean_tmpdir.js
2020-10-26 17:24:06,721 INFO 44768 [egg-schedule]: register schedule /Users/lxd/Desktop/mine/egg-mock/node_modules/egg-logrotator/app/schedule/clean_log.js
2020-10-26 17:24:06,721 INFO 44768 [egg-schedule]: register schedule /Users/lxd/Desktop/mine/egg-mock/node_modules/egg-logrotator/app/schedule/rotate_by_file.js
2020-10-26 17:24:22,498 INFO 44777 [egg-schedule]: register schedule /Users/lxd/Desktop/mine/egg-mock/node_modules/egg-multipart/app/schedule/clean_tmpdir.js
2020-10-26 17:24:22,498 INFO 44777 [egg-schedule]: register schedule /Users/lxd/Desktop/mine/egg-mock/node_modules/egg-logrotator/app/schedule/clean_log.js
2020-10-26 17:24:22,498 INFO 44777 [egg-schedule]: register schedule /Users/lxd/Desktop/mine/egg-mock/node_modules/egg-logrotator/app/schedule/rotate_by_file.js
2020-10-26 17:24:32,419 INFO 44781 [egg-schedule]: register schedule /Users/lxd/Desktop/mine/egg-mock/node_modules/egg-multipart/app/schedule/clean_tmpdir.js
2020-10-26 17:24:32,419 INFO 44781 [egg-schedule]: register schedule /Users/lxd/Desktop/mine/egg-mock/node_modules/egg-logrotator/app/schedule/clean_log.js
2020-10-26 17:24:32,419 INFO 44781 [egg-schedule]: register schedule /Users/lxd/Desktop/mine/egg-mock/node_modules/egg-logrotator/app/schedule/rotate_by_file.js
2020-10-26 17:24:38,328 INFO 44783 [egg-schedule]: register schedule /Users/lxd/Desktop/mine/egg-mock/node_modules/egg-multipart/app/schedule/clean_tmpdir.js
2020-10-26 17:24:38,328 INFO 44783 [egg-schedule]: register schedule /Users/lxd/Desktop/mine/egg-mock/node_modules/egg-logrotator/app/schedule/clean_log.js
2020-10-26 17:24:38,328 INFO 44783 [egg-schedule]: register schedule /Users/lxd/Desktop/mine/egg-mock/node_modules/egg-logrotator/app/schedule/rotate_by_file.js
2020-10-26 17:29:27,496 INFO 44902 [egg-schedule]: register schedule /Users/lxd/Desktop/mine/egg-mock/node_modules/egg-multipart/app/schedule/clean_tmpdir.js
2020-10-26 17:29:27,496 INFO 44902 [egg-schedule]: register schedule /Users/lxd/Desktop/mine/egg-mock/node_modules/egg-logrotator/app/schedule/clean_log.js
2020-10-26 17:29:27,496 INFO 44902 [egg-schedule]: register schedule /Users/lxd/Desktop/mine/egg-mock/node_modules/egg-logrotator/app/schedule/rotate_by_file.js
2020-10-26 17:29:36,195 INFO 44907 [egg-schedule]: register schedule /Users/lxd/Desktop/mine/egg-mock/node_modules/egg-multipart/app/schedule/clean_tmpdir.js
2020-10-26 17:29:36,195 INFO 44907 [egg-schedule]: register schedule /Users/lxd/Desktop/mine/egg-mock/node_modules/egg-logrotator/app/schedule/clean_log.js
2020-10-26 17:29:36,195 INFO 44907 [egg-schedule]: register schedule /Users/lxd/Desktop/mine/egg-mock/node_modules/egg-logrotator/app/schedule/rotate_by_file.js
2020-10-26 17:29:43,348 INFO 44912 [egg-schedule]: register schedule /Users/lxd/Desktop/mine/egg-mock/node_modules/egg-multipart/app/schedule/clean_tmpdir.js
2020-10-26 17:29:43,348 INFO 44912 [egg-schedule]: register schedule /Users/lxd/Desktop/mine/egg-mock/node_modules/egg-logrotator/app/schedule/clean_log.js
2020-10-26 17:29:43,348 INFO 44912 [egg-schedule]: register schedule /Users/lxd/Desktop/mine/egg-mock/node_modules/egg-logrotator/app/schedule/rotate_by_file.js
2020-10-26 17:29:44,476 INFO 44913 [egg-schedule]: register schedule /Users/lxd/Desktop/mine/egg-mock/node_modules/egg-multipart/app/schedule/clean_tmpdir.js
2020-10-26 17:29:44,476 INFO 44913 [egg-schedule]: register schedule /Users/lxd/Desktop/mine/egg-mock/node_modules/egg-logrotator/app/schedule/clean_log.js
2020-10-26 17:29:44,476 INFO 44913 [egg-schedule]: register schedule /Users/lxd/Desktop/mine/egg-mock/node_modules/egg-logrotator/app/schedule/rotate_by_file.js
2020-10-26 17:30:09,498 INFO 44923 [egg-schedule]: register schedule /Users/lxd/Desktop/mine/egg-mock/node_modules/egg-multipart/app/schedule/clean_tmpdir.js
2020-10-26 17:30:09,498 INFO 44923 [egg-schedule]: register schedule /Users/lxd/Desktop/mine/egg-mock/node_modules/egg-logrotator/app/schedule/clean_log.js
2020-10-26 17:30:09,498 INFO 44923 [egg-schedule]: register schedule /Users/lxd/Desktop/mine/egg-mock/node_modules/egg-logrotator/app/schedule/rotate_by_file.js
2020-10-26 17:31:13,377 INFO 44956 [egg-schedule]: register schedule /Users/lxd/Desktop/mine/egg-mock/node_modules/egg-multipart/app/schedule/clean_tmpdir.js
2020-10-26 17:31:13,377 INFO 44956 [egg-schedule]: register schedule /Users/lxd/Desktop/mine/egg-mock/node_modules/egg-logrotator/app/schedule/clean_log.js
2020-10-26 17:31:13,377 INFO 44956 [egg-schedule]: register schedule /Users/lxd/Desktop/mine/egg-mock/node_modules/egg-logrotator/app/schedule/rotate_by_file.js
2020-10-26 17:31:52,909 INFO 44975 [egg-schedule]: register schedule /Users/lxd/Desktop/mine/egg-mock/node_modules/egg-multipart/app/schedule/clean_tmpdir.js
2020-10-26 17:31:52,909 INFO 44975 [egg-schedule]: register schedule /Users/lxd/Desktop/mine/egg-mock/node_modules/egg-logrotator/app/schedule/clean_log.js
2020-10-26 17:31:52,909 INFO 44975 [egg-schedule]: register schedule /Users/lxd/Desktop/mine/egg-mock/node_modules/egg-logrotator/app/schedule/rotate_by_file.js
2020-10-26 17:31:58,705 INFO 44978 [egg-schedule]: register schedule /Users/lxd/Desktop/mine/egg-mock/node_modules/egg-multipart/app/schedule/clean_tmpdir.js
2020-10-26 17:31:58,705 INFO 44978 [egg-schedule]: register schedule /Users/lxd/Desktop/mine/egg-mock/node_modules/egg-logrotator/app/schedule/clean_log.js
2020-10-26 17:31:58,705 INFO 44978 [egg-schedule]: register schedule /Users/lxd/Desktop/mine/egg-mock/node_modules/egg-logrotator/app/schedule/rotate_by_file.js
2020-10-26 17:32:01,168 INFO 44979 [egg-schedule]: register schedule /Users/lxd/Desktop/mine/egg-mock/node_modules/egg-multipart/app/schedule/clean_tmpdir.js
2020-10-26 17:32:01,168 INFO 44979 [egg-schedule]: register schedule /Users/lxd/Desktop/mine/egg-mock/node_modules/egg-logrotator/app/schedule/clean_log.js
2020-10-26 17:32:01,168 INFO 44979 [egg-schedule]: register schedule /Users/lxd/Desktop/mine/egg-mock/node_modules/egg-logrotator/app/schedule/rotate_by_file.js
2020-10-26 17:32:19,263 INFO 44988 [egg-schedule]: register schedule /Users/lxd/Desktop/mine/egg-mock/node_modules/egg-multipart/app/schedule/clean_tmpdir.js
2020-10-26 17:32:19,263 INFO 44988 [egg-schedule]: register schedule /Users/lxd/Desktop/mine/egg-mock/node_modules/egg-logrotator/app/schedule/clean_log.js
2020-10-26 17:32:19,263 INFO 44988 [egg-schedule]: register schedule /Users/lxd/Desktop/mine/egg-mock/node_modules/egg-logrotator/app/schedule/rotate_by_file.js
2020-10-26 17:32:45,338 INFO 45002 [egg-schedule]: register schedule /Users/lxd/Desktop/mine/egg-mock/node_modules/egg-multipart/app/schedule/clean_tmpdir.js
2020-10-26 17:32:45,338 INFO 45002 [egg-schedule]: register schedule /Users/lxd/Desktop/mine/egg-mock/node_modules/egg-logrotator/app/schedule/clean_log.js
2020-10-26 17:32:45,338 INFO 45002 [egg-schedule]: register schedule /Users/lxd/Desktop/mine/egg-mock/node_modules/egg-logrotator/app/schedule/rotate_by_file.js
2020-10-26 17:39:02,884 INFO 45456 [egg-schedule]: register schedule /Users/lxd/Desktop/mine/egg-mock/node_modules/egg-multipart/app/schedule/clean_tmpdir.js
2020-10-26 17:39:02,884 INFO 45456 [egg-schedule]: register schedule /Users/lxd/Desktop/mine/egg-mock/node_modules/egg-logrotator/app/schedule/clean_log.js
2020-10-26 17:39:02,884 INFO 45456 [egg-schedule]: register schedule /Users/lxd/Desktop/mine/egg-mock/node_modules/egg-logrotator/app/schedule/rotate_by_file.js
2020-10-26 17:39:25,503 INFO 45465 [egg-schedule]: register schedule /Users/lxd/Desktop/mine/egg-mock/node_modules/egg-multipart/app/schedule/clean_tmpdir.js
2020-10-26 17:39:25,503 INFO 45465 [egg-schedule]: register schedule /Users/lxd/Desktop/mine/egg-mock/node_modules/egg-logrotator/app/schedule/clean_log.js
2020-10-26 17:39:25,503 INFO 45465 [egg-schedule]: register schedule /Users/lxd/Desktop/mine/egg-mock/node_modules/egg-logrotator/app/schedule/rotate_by_file.js
2020-10-26 17:39:36,476 INFO 45471 [egg-schedule]: register schedule /Users/lxd/Desktop/mine/egg-mock/node_modules/egg-multipart/app/schedule/clean_tmpdir.js
2020-10-26 17:39:36,476 INFO 45471 [egg-schedule]: register schedule /Users/lxd/Desktop/mine/egg-mock/node_modules/egg-logrotator/app/schedule/clean_log.js
2020-10-26 17:39:36,476 INFO 45471 [egg-schedule]: register schedule /Users/lxd/Desktop/mine/egg-mock/node_modules/egg-logrotator/app/schedule/rotate_by_file.js
2020-10-26 17:40:36,521 INFO 45506 [egg-schedule]: register schedule /Users/lxd/Desktop/mine/egg-mock/node_modules/egg-multipart/app/schedule/clean_tmpdir.js
2020-10-26 17:40:36,521 INFO 45506 [egg-schedule]: register schedule /Users/lxd/Desktop/mine/egg-mock/node_modules/egg-logrotator/app/schedule/clean_log.js
2020-10-26 17:40:36,521 INFO 45506 [egg-schedule]: register schedule /Users/lxd/Desktop/mine/egg-mock/node_modules/egg-logrotator/app/schedule/rotate_by_file.js
2020-10-26 17:40:41,417 INFO 45507 [egg-schedule]: register schedule /Users/lxd/Desktop/mine/egg-mock/node_modules/egg-multipart/app/schedule/clean_tmpdir.js
2020-10-26 17:40:41,417 INFO 45507 [egg-schedule]: register schedule /Users/lxd/Desktop/mine/egg-mock/node_modules/egg-logrotator/app/schedule/clean_log.js
2020-10-26 17:40:41,417 INFO 45507 [egg-schedule]: register schedule /Users/lxd/Desktop/mine/egg-mock/node_modules/egg-logrotator/app/schedule/rotate_by_file.js
2020-10-26 17:40:54,663 INFO 45517 [egg-schedule]: register schedule /Users/lxd/Desktop/mine/egg-mock/node_modules/egg-multipart/app/schedule/clean_tmpdir.js
2020-10-26 17:40:54,663 INFO 45517 [egg-schedule]: register schedule /Users/lxd/Desktop/mine/egg-mock/node_modules/egg-logrotator/app/schedule/clean_log.js
2020-10-26 17:40:54,663 INFO 45517 [egg-schedule]: register schedule /Users/lxd/Desktop/mine/egg-mock/node_modules/egg-logrotator/app/schedule/rotate_by_file.js
2020-10-26 17:41:47,630 INFO 45543 [egg-schedule]: register schedule /Users/lxd/Desktop/mine/egg-mock/node_modules/egg-multipart/app/schedule/clean_tmpdir.js
2020-10-26 17:41:47,630 INFO 45543 [egg-schedule]: register schedule /Users/lxd/Desktop/mine/egg-mock/node_modules/egg-logrotator/app/schedule/clean_log.js
2020-10-26 17:41:47,630 INFO 45543 [egg-schedule]: register schedule /Users/lxd/Desktop/mine/egg-mock/node_modules/egg-logrotator/app/schedule/rotate_by_file.js
2020-10-26 17:41:51,511 INFO 45544 [egg-schedule]: register schedule /Users/lxd/Desktop/mine/egg-mock/node_modules/egg-multipart/app/schedule/clean_tmpdir.js
2020-10-26 17:41:51,511 INFO 45544 [egg-schedule]: register schedule /Users/lxd/Desktop/mine/egg-mock/node_modules/egg-logrotator/app/schedule/clean_log.js
2020-10-26 17:41:51,511 INFO 45544 [egg-schedule]: register schedule /Users/lxd/Desktop/mine/egg-mock/node_modules/egg-logrotator/app/schedule/rotate_by_file.js
2020-10-26 17:48:24,079 INFO 45807 [egg-schedule]: register schedule /Users/lxd/Desktop/mine/egg-mock/node_modules/egg-multipart/app/schedule/clean_tmpdir.js
2020-10-26 17:48:24,079 INFO 45807 [egg-schedule]: register schedule /Users/lxd/Desktop/mine/egg-mock/node_modules/egg-logrotator/app/schedule/clean_log.js
2020-10-26 17:48:24,079 INFO 45807 [egg-schedule]: register schedule /Users/lxd/Desktop/mine/egg-mock/node_modules/egg-logrotator/app/schedule/rotate_by_file.js
2020-10-26 17:48:32,746 INFO 45813 [egg-schedule]: register schedule /Users/lxd/Desktop/mine/egg-mock/node_modules/egg-multipart/app/schedule/clean_tmpdir.js
2020-10-26 17:48:32,746 INFO 45813 [egg-schedule]: register schedule /Users/lxd/Desktop/mine/egg-mock/node_modules/egg-logrotator/app/schedule/clean_log.js
2020-10-26 17:48:32,746 INFO 45813 [egg-schedule]: register schedule /Users/lxd/Desktop/mine/egg-mock/node_modules/egg-logrotator/app/schedule/rotate_by_file.js
2020-10-26 17:48:35,149 INFO 45815 [egg-schedule]: register schedule /Users/lxd/Desktop/mine/egg-mock/node_modules/egg-multipart/app/schedule/clean_tmpdir.js
2020-10-26 17:48:35,149 INFO 45815 [egg-schedule]: register schedule /Users/lxd/Desktop/mine/egg-mock/node_modules/egg-logrotator/app/schedule/clean_log.js
2020-10-26 17:48:35,149 INFO 45815 [egg-schedule]: register schedule /Users/lxd/Desktop/mine/egg-mock/node_modules/egg-logrotator/app/schedule/rotate_by_file.js
2020-10-26 17:57:43,429 INFO 46072 [Timer] /Users/lxd/Desktop/mine/egg-mock/node_modules/egg-multipart/app/schedule/clean_tmpdir.js next time will execute after 37936573ms at 2020-10-27 04:30:00.002
2020-10-26 17:57:43,430 INFO 46072 [Timer] /Users/lxd/Desktop/mine/egg-mock/node_modules/egg-logrotator/app/schedule/clean_log.js next time will execute after 21736570ms at 2020-10-27 00:00:00.000
2020-10-26 17:57:43,430 INFO 46072 [Timer] /Users/lxd/Desktop/mine/egg-mock/node_modules/egg-logrotator/app/schedule/rotate_by_file.js next time will execute after 21737570ms at 2020-10-27 00:00:01.000
2020-10-26 17:57:43,339 INFO 46076 [egg-schedule]: register schedule /Users/lxd/Desktop/mine/egg-mock/node_modules/egg-multipart/app/schedule/clean_tmpdir.js
2020-10-26 17:57:43,339 INFO 46076 [egg-schedule]: register schedule /Users/lxd/Desktop/mine/egg-mock/node_modules/egg-logrotator/app/schedule/clean_log.js
2020-10-26 17:57:43,339 INFO 46076 [egg-schedule]: register schedule /Users/lxd/Desktop/mine/egg-mock/node_modules/egg-logrotator/app/schedule/rotate_by_file.js
2020-10-26 18:46:59,392 INFO 47516 [egg-schedule]: register schedule /Users/lxd/Desktop/mine/egg-mock/node_modules/egg-multipart/app/schedule/clean_tmpdir.js
2020-10-26 18:46:59,392 INFO 47516 [egg-schedule]: register schedule /Users/lxd/Desktop/mine/egg-mock/node_modules/egg-logrotator/app/schedule/clean_log.js
2020-10-26 18:46:59,392 INFO 47516 [egg-schedule]: register schedule /Users/lxd/Desktop/mine/egg-mock/node_modules/egg-logrotator/app/schedule/rotate_by_file.js
