2020-10-26 14:53:48,049 WARN 38641 [-/127.0.0.1/-/2ms POST /detail] missing csrf token. See https://eggjs.org/zh-cn/core/security.html#安全威胁csrf的防范
2020-10-26 14:53:48,052 WARN 38641 [-/127.0.0.1/-/5ms POST /detail] nodejs.ForbiddenError: missing csrf token
    at Object.throw (/Users/lxd/Desktop/mine/egg-mock/node_modules/koa/lib/context.js:97:11)
    at Object.assertCsrf (/Users/lxd/Desktop/mine/egg-mock/node_modules/egg-security/app/extend/context.js:162:32)
    at csrf (/Users/lxd/Desktop/mine/egg-mock/node_modules/egg-security/lib/middlewares/csrf.js:33:9)
    at dispatch (/Users/lxd/Desktop/mine/egg-mock/node_modules/egg-security/node_modules/koa-compose/index.js:42:32)
    at /Users/lxd/Desktop/mine/egg-mock/node_modules/egg-security/node_modules/koa-compose/index.js:34:12
    at dispatch (/Users/lxd/Desktop/mine/egg-mock/node_modules/koa/node_modules/koa-compose/index.js:42:32)
    at session (/Users/lxd/Desktop/mine/egg-mock/node_modules/koa-session/index.js:41:13)
    at dispatch (/Users/lxd/Desktop/mine/egg-mock/node_modules/koa/node_modules/koa-compose/index.js:42:32)
    at overrideMethod (/Users/lxd/Desktop/mine/egg-mock/node_modules/koa-override/index.js:38:12)
    at dispatch (/Users/lxd/Desktop/mine/egg-mock/node_modules/koa/node_modules/koa-compose/index.js:42:32)
message: "missing csrf token"
pid: 38641
hostname: localhost

2020-10-26 17:00:45,447 ERROR 44129 [-/127.0.0.1/-/6ms GET /] nodejs.TypeError: Callback must be a function. Received 'utf8'
    at maybeCallback (fs.js:158:9)
    at Object.readFile (fs.js:309:14)
    at HomeController.index (/Users/lxd/Desktop/mine/egg-mock/app/controller/home.js:16:27)
    at Object.callFn (/Users/lxd/Desktop/mine/egg-mock/node_modules/egg-core/lib/utils/index.js:44:21)
    at Object.classControllerMiddleware (/Users/lxd/Desktop/mine/egg-mock/node_modules/egg-core/lib/loader/mixin/controller.js:87:20)
    at Object.callFn (/Users/lxd/Desktop/mine/egg-mock/node_modules/@eggjs/router/lib/utils.js:12:21)
    at wrappedController (/Users/lxd/Desktop/mine/egg-mock/node_modules/@eggjs/router/lib/egg_router.js:322:18)
    at dispatch (/Users/lxd/Desktop/mine/egg-mock/node_modules/koa-compose/index.js:44:32)
    at next (/Users/lxd/Desktop/mine/egg-mock/node_modules/koa-compose/index.js:45:18)
    at /Users/lxd/Desktop/mine/egg-mock/node_modules/@eggjs/router/lib/router.js:190:18
code: "ERR_INVALID_CALLBACK"
pid: 44129
hostname: bogon

2020-10-26 17:11:58,151 ERROR 44455 [-/127.0.0.1/-/7ms GET /detail] nodejs.ENOENTError: ENOENT: no such file or directory, open '/Users/lxd/Desktop/mine/egg-mock/app/public/detail.json'
    at Object.openSync (fs.js:474:3)
    at Object.readFileSync (fs.js:375:35)
    at HomeController.detail (/Users/lxd/Desktop/mine/egg-mock/app/controller/home.js:22:19)
    at Object.callFn (/Users/lxd/Desktop/mine/egg-mock/node_modules/egg-core/lib/utils/index.js:44:21)
    at Object.classControllerMiddleware (/Users/lxd/Desktop/mine/egg-mock/node_modules/egg-core/lib/loader/mixin/controller.js:87:20)
    at Object.callFn (/Users/lxd/Desktop/mine/egg-mock/node_modules/@eggjs/router/lib/utils.js:12:21)
    at wrappedController (/Users/lxd/Desktop/mine/egg-mock/node_modules/@eggjs/router/lib/egg_router.js:322:18)
    at dispatch (/Users/lxd/Desktop/mine/egg-mock/node_modules/koa-compose/index.js:44:32)
    at next (/Users/lxd/Desktop/mine/egg-mock/node_modules/koa-compose/index.js:45:18)
    at /Users/lxd/Desktop/mine/egg-mock/node_modules/@eggjs/router/lib/router.js:190:18
errno: -2
syscall: "open"
code: "ENOENT"
path: "/Users/lxd/Desktop/mine/egg-mock/app/public/detail.json"
name: "ENOENTError"
pid: 44455
hostname: bogon

2020-10-26 17:15:36,086 ERROR 44550 [-/127.0.0.1/-/7ms GET /] nodejs.TypeError: The "path" argument must be of type string or an instance of Buffer or URL. Received an instance of Promise
    at Object.openSync (fs.js:466:10)
    at Object.readFileSync (fs.js:375:35)
    at HomeController.index (/Users/lxd/Desktop/mine/egg-mock/app/controller/home.js:19:19)
    at Object.callFn (/Users/lxd/Desktop/mine/egg-mock/node_modules/egg-core/lib/utils/index.js:44:21)
    at Object.classControllerMiddleware (/Users/lxd/Desktop/mine/egg-mock/node_modules/egg-core/lib/loader/mixin/controller.js:87:20)
    at Object.callFn (/Users/lxd/Desktop/mine/egg-mock/node_modules/@eggjs/router/lib/utils.js:12:21)
    at wrappedController (/Users/lxd/Desktop/mine/egg-mock/node_modules/@eggjs/router/lib/egg_router.js:322:18)
    at dispatch (/Users/lxd/Desktop/mine/egg-mock/node_modules/koa-compose/index.js:44:32)
    at next (/Users/lxd/Desktop/mine/egg-mock/node_modules/koa-compose/index.js:45:18)
    at /Users/lxd/Desktop/mine/egg-mock/node_modules/@eggjs/router/lib/router.js:190:18
code: "ERR_INVALID_ARG_TYPE"
pid: 44550
hostname: bogon

2020-10-26 17:15:45,939 ERROR 44550 [-/127.0.0.1/-/1ms GET /] nodejs.TypeError: The "path" argument must be of type string or an instance of Buffer or URL. Received an instance of Promise
    at Object.openSync (fs.js:466:10)
    at Object.readFileSync (fs.js:375:35)
    at HomeController.index (/Users/lxd/Desktop/mine/egg-mock/app/controller/home.js:19:19)
    at Object.callFn (/Users/lxd/Desktop/mine/egg-mock/node_modules/egg-core/lib/utils/index.js:44:21)
    at Object.classControllerMiddleware (/Users/lxd/Desktop/mine/egg-mock/node_modules/egg-core/lib/loader/mixin/controller.js:87:20)
    at Object.callFn (/Users/lxd/Desktop/mine/egg-mock/node_modules/@eggjs/router/lib/utils.js:12:21)
    at wrappedController (/Users/lxd/Desktop/mine/egg-mock/node_modules/@eggjs/router/lib/egg_router.js:322:18)
    at dispatch (/Users/lxd/Desktop/mine/egg-mock/node_modules/koa-compose/index.js:44:32)
    at next (/Users/lxd/Desktop/mine/egg-mock/node_modules/koa-compose/index.js:45:18)
    at /Users/lxd/Desktop/mine/egg-mock/node_modules/@eggjs/router/lib/router.js:190:18
code: "ERR_INVALID_ARG_TYPE"
pid: 44550
hostname: bogon

2020-10-26 17:16:41,693 ERROR 44576 [-/127.0.0.1/-/6ms GET /] nodejs.TypeError: The "path" argument must be of type string or an instance of Buffer or URL. Received an instance of Promise
    at Object.openSync (fs.js:466:10)
    at Object.readFileSync (fs.js:375:35)
    at HomeController.index (/Users/lxd/Desktop/mine/egg-mock/app/controller/home.js:19:19)
    at Object.callFn (/Users/lxd/Desktop/mine/egg-mock/node_modules/egg-core/lib/utils/index.js:44:21)
    at Object.classControllerMiddleware (/Users/lxd/Desktop/mine/egg-mock/node_modules/egg-core/lib/loader/mixin/controller.js:87:20)
    at Object.callFn (/Users/lxd/Desktop/mine/egg-mock/node_modules/@eggjs/router/lib/utils.js:12:21)
    at wrappedController (/Users/lxd/Desktop/mine/egg-mock/node_modules/@eggjs/router/lib/egg_router.js:322:18)
    at dispatch (/Users/lxd/Desktop/mine/egg-mock/node_modules/koa-compose/index.js:44:32)
    at next (/Users/lxd/Desktop/mine/egg-mock/node_modules/koa-compose/index.js:45:18)
    at /Users/lxd/Desktop/mine/egg-mock/node_modules/@eggjs/router/lib/router.js:190:18
code: "ERR_INVALID_ARG_TYPE"
pid: 44576
hostname: bogon

2020-10-26 17:17:09,583 ERROR 44589 [-/127.0.0.1/-/6ms GET /] nodejs.TypeError: The "path" argument must be of type string or an instance of Buffer or URL. Received an instance of Promise
    at Object.openSync (fs.js:466:10)
    at Object.readFileSync (fs.js:375:35)
    at HomeController.index (/Users/lxd/Desktop/mine/egg-mock/app/controller/home.js:19:19)
    at Object.callFn (/Users/lxd/Desktop/mine/egg-mock/node_modules/egg-core/lib/utils/index.js:44:21)
    at Object.classControllerMiddleware (/Users/lxd/Desktop/mine/egg-mock/node_modules/egg-core/lib/loader/mixin/controller.js:87:20)
    at Object.callFn (/Users/lxd/Desktop/mine/egg-mock/node_modules/@eggjs/router/lib/utils.js:12:21)
    at wrappedController (/Users/lxd/Desktop/mine/egg-mock/node_modules/@eggjs/router/lib/egg_router.js:322:18)
    at dispatch (/Users/lxd/Desktop/mine/egg-mock/node_modules/koa-compose/index.js:44:32)
    at next (/Users/lxd/Desktop/mine/egg-mock/node_modules/koa-compose/index.js:45:18)
    at /Users/lxd/Desktop/mine/egg-mock/node_modules/@eggjs/router/lib/router.js:190:18
code: "ERR_INVALID_ARG_TYPE"
pid: 44589
hostname: bogon

2020-10-26 17:18:15,971 ERROR 44616 [-/127.0.0.1/-/9ms GET /] nodejs.TypeError: The "path" argument must be of type string or an instance of Buffer or URL. Received an instance of Promise
    at Object.openSync (fs.js:466:10)
    at Object.readFileSync (fs.js:375:35)
    at HomeController.index (/Users/lxd/Desktop/mine/egg-mock/app/controller/home.js:20:19)
    at Object.callFn (/Users/lxd/Desktop/mine/egg-mock/node_modules/egg-core/lib/utils/index.js:44:21)
    at Object.classControllerMiddleware (/Users/lxd/Desktop/mine/egg-mock/node_modules/egg-core/lib/loader/mixin/controller.js:87:20)
    at Object.callFn (/Users/lxd/Desktop/mine/egg-mock/node_modules/@eggjs/router/lib/utils.js:12:21)
    at wrappedController (/Users/lxd/Desktop/mine/egg-mock/node_modules/@eggjs/router/lib/egg_router.js:322:18)
    at dispatch (/Users/lxd/Desktop/mine/egg-mock/node_modules/koa-compose/index.js:44:32)
    at next (/Users/lxd/Desktop/mine/egg-mock/node_modules/koa-compose/index.js:45:18)
    at /Users/lxd/Desktop/mine/egg-mock/node_modules/@eggjs/router/lib/router.js:190:18
code: "ERR_INVALID_ARG_TYPE"
pid: 44616
hostname: bogon

2020-10-26 17:18:31,578 ERROR 44625 [-/127.0.0.1/-/8ms GET /] nodejs.TypeError: The "path" argument must be of type string or an instance of Buffer or URL. Received an instance of Promise
    at Object.openSync (fs.js:466:10)
    at Object.readFileSync (fs.js:375:35)
    at HomeController.index (/Users/lxd/Desktop/mine/egg-mock/app/controller/home.js:20:19)
    at Object.callFn (/Users/lxd/Desktop/mine/egg-mock/node_modules/egg-core/lib/utils/index.js:44:21)
    at Object.classControllerMiddleware (/Users/lxd/Desktop/mine/egg-mock/node_modules/egg-core/lib/loader/mixin/controller.js:87:20)
    at Object.callFn (/Users/lxd/Desktop/mine/egg-mock/node_modules/@eggjs/router/lib/utils.js:12:21)
    at wrappedController (/Users/lxd/Desktop/mine/egg-mock/node_modules/@eggjs/router/lib/egg_router.js:322:18)
    at dispatch (/Users/lxd/Desktop/mine/egg-mock/node_modules/koa-compose/index.js:44:32)
    at next (/Users/lxd/Desktop/mine/egg-mock/node_modules/koa-compose/index.js:45:18)
    at /Users/lxd/Desktop/mine/egg-mock/node_modules/@eggjs/router/lib/router.js:190:18
code: "ERR_INVALID_ARG_TYPE"
pid: 44625
hostname: bogon

2020-10-26 17:19:28,409 ERROR 44650 [-/127.0.0.1/-/6ms GET /] nodejs.TypeError: The "path" argument must be of type string or an instance of Buffer or URL. Received an instance of Promise
    at Object.openSync (fs.js:466:10)
    at Object.readFileSync (fs.js:375:35)
    at HomeController.index (/Users/lxd/Desktop/mine/egg-mock/app/controller/home.js:20:19)
    at Object.callFn (/Users/lxd/Desktop/mine/egg-mock/node_modules/egg-core/lib/utils/index.js:44:21)
    at Object.classControllerMiddleware (/Users/lxd/Desktop/mine/egg-mock/node_modules/egg-core/lib/loader/mixin/controller.js:87:20)
    at Object.callFn (/Users/lxd/Desktop/mine/egg-mock/node_modules/@eggjs/router/lib/utils.js:12:21)
    at wrappedController (/Users/lxd/Desktop/mine/egg-mock/node_modules/@eggjs/router/lib/egg_router.js:322:18)
    at dispatch (/Users/lxd/Desktop/mine/egg-mock/node_modules/koa-compose/index.js:44:32)
    at next (/Users/lxd/Desktop/mine/egg-mock/node_modules/koa-compose/index.js:45:18)
    at /Users/lxd/Desktop/mine/egg-mock/node_modules/@eggjs/router/lib/router.js:190:18
code: "ERR_INVALID_ARG_TYPE"
pid: 44650
hostname: bogon

2020-10-26 17:20:58,447 ERROR 44685 [-/127.0.0.1/-/9ms GET /] nodejs.TypeError: The "path" argument must be of type string or an instance of Buffer or URL. Received an instance of Promise
    at Object.openSync (fs.js:466:10)
    at Object.readFileSync (fs.js:375:35)
    at HomeController.index (/Users/lxd/Desktop/mine/egg-mock/app/controller/home.js:22:19)
    at Object.callFn (/Users/lxd/Desktop/mine/egg-mock/node_modules/egg-core/lib/utils/index.js:44:21)
    at Object.classControllerMiddleware (/Users/lxd/Desktop/mine/egg-mock/node_modules/egg-core/lib/loader/mixin/controller.js:87:20)
    at Object.callFn (/Users/lxd/Desktop/mine/egg-mock/node_modules/@eggjs/router/lib/utils.js:12:21)
    at wrappedController (/Users/lxd/Desktop/mine/egg-mock/node_modules/@eggjs/router/lib/egg_router.js:322:18)
    at dispatch (/Users/lxd/Desktop/mine/egg-mock/node_modules/koa-compose/index.js:44:32)
    at next (/Users/lxd/Desktop/mine/egg-mock/node_modules/koa-compose/index.js:45:18)
    at /Users/lxd/Desktop/mine/egg-mock/node_modules/@eggjs/router/lib/router.js:190:18
code: "ERR_INVALID_ARG_TYPE"
pid: 44685
hostname: bogon

2020-10-26 17:21:29,900 ERROR 44698 [-/127.0.0.1/-/8ms GET /] nodejs.TypeError: The "path" argument must be of type string or an instance of Buffer or URL. Received an instance of Promise
    at Object.openSync (fs.js:466:10)
    at Object.readFileSync (fs.js:375:35)
    at HomeController.index (/Users/lxd/Desktop/mine/egg-mock/app/controller/home.js:23:19)
    at Object.callFn (/Users/lxd/Desktop/mine/egg-mock/node_modules/egg-core/lib/utils/index.js:44:21)
    at Object.classControllerMiddleware (/Users/lxd/Desktop/mine/egg-mock/node_modules/egg-core/lib/loader/mixin/controller.js:87:20)
    at Object.callFn (/Users/lxd/Desktop/mine/egg-mock/node_modules/@eggjs/router/lib/utils.js:12:21)
    at wrappedController (/Users/lxd/Desktop/mine/egg-mock/node_modules/@eggjs/router/lib/egg_router.js:322:18)
    at dispatch (/Users/lxd/Desktop/mine/egg-mock/node_modules/koa-compose/index.js:44:32)
    at next (/Users/lxd/Desktop/mine/egg-mock/node_modules/koa-compose/index.js:45:18)
    at /Users/lxd/Desktop/mine/egg-mock/node_modules/@eggjs/router/lib/router.js:190:18
code: "ERR_INVALID_ARG_TYPE"
pid: 44698
hostname: bogon

2020-10-26 17:22:21,043 ERROR 44719 [-/127.0.0.1/-/7ms GET /] nodejs.ENOENTError: ENOENT: no such file or directory, open '../public/mock/db.json'
    at Object.openSync (fs.js:474:3)
    at Object.readFileSync (fs.js:375:35)
    at HomeController.index (/Users/lxd/Desktop/mine/egg-mock/app/controller/home.js:23:19)
    at Object.callFn (/Users/lxd/Desktop/mine/egg-mock/node_modules/egg-core/lib/utils/index.js:44:21)
    at Object.classControllerMiddleware (/Users/lxd/Desktop/mine/egg-mock/node_modules/egg-core/lib/loader/mixin/controller.js:87:20)
    at Object.callFn (/Users/lxd/Desktop/mine/egg-mock/node_modules/@eggjs/router/lib/utils.js:12:21)
    at wrappedController (/Users/lxd/Desktop/mine/egg-mock/node_modules/@eggjs/router/lib/egg_router.js:322:18)
    at dispatch (/Users/lxd/Desktop/mine/egg-mock/node_modules/koa-compose/index.js:44:32)
    at next (/Users/lxd/Desktop/mine/egg-mock/node_modules/koa-compose/index.js:45:18)
    at /Users/lxd/Desktop/mine/egg-mock/node_modules/@eggjs/router/lib/router.js:190:18
errno: -2
syscall: "open"
code: "ENOENT"
path: "../public/mock/db.json"
name: "ENOENTError"
pid: 44719
hostname: bogon

2020-10-26 17:29:46,559 ERROR 44913 [-/127.0.0.1/-/6ms GET /detail] nodejs.ENOENTError: ENOENT: no such file or directory, open '/Users/lxd/Desktop/mine/egg-mock/app/public/mock/detaildetail.json'
    at Object.openSync (fs.js:474:3)
    at Object.readFileSync (fs.js:375:35)
    at HomeController.detail (/Users/lxd/Desktop/mine/egg-mock/app/controller/home.js:26:19)
    at Object.callFn (/Users/lxd/Desktop/mine/egg-mock/node_modules/egg-core/lib/utils/index.js:44:21)
    at Object.classControllerMiddleware (/Users/lxd/Desktop/mine/egg-mock/node_modules/egg-core/lib/loader/mixin/controller.js:87:20)
    at Object.callFn (/Users/lxd/Desktop/mine/egg-mock/node_modules/@eggjs/router/lib/utils.js:12:21)
    at wrappedController (/Users/lxd/Desktop/mine/egg-mock/node_modules/@eggjs/router/lib/egg_router.js:322:18)
    at dispatch (/Users/lxd/Desktop/mine/egg-mock/node_modules/koa-compose/index.js:44:32)
    at next (/Users/lxd/Desktop/mine/egg-mock/node_modules/koa-compose/index.js:45:18)
    at /Users/lxd/Desktop/mine/egg-mock/node_modules/@eggjs/router/lib/router.js:190:18
errno: -2
syscall: "open"
code: "ENOENT"
path: "/Users/lxd/Desktop/mine/egg-mock/app/public/mock/detaildetail.json"
name: "ENOENTError"
pid: 44913
hostname: bogon

